

================================================================
== Vivado HLS Report for 'cnnshift_arr_ap_fixed_ap_fixed_16_4_5_3_0_config8_s'
================================================================
* Date:           Wed Aug 10 16:30:20 2022

* Version:        2019.2 (Build 2704478 on Wed Nov 06 22:10:23 MST 2019)
* Project:        myproject_prj
* Solution:       solution1
* Product family: zynq
* Target device:  xc7z020-clg400-1


================================================================
== Performance Estimates
================================================================
+ Timing: 
    * Summary: 
    +--------+---------+----------+------------+
    |  Clock |  Target | Estimated| Uncertainty|
    +--------+---------+----------+------------+
    |ap_clk  | 5.00 ns | 4.232 ns |   0.62 ns  |
    +--------+---------+----------+------------+

+ Latency: 
    * Summary: 
    +---------+---------+----------+----------+-----+-----+---------+
    |  Latency (cycles) |  Latency (absolute) |  Interval | Pipeline|
    |   min   |   max   |    min   |    max   | min | max |   Type  |
    +---------+---------+----------+----------+-----+-----+---------+
    |      651|      651| 3.255 us | 3.255 us |  651|  651|   none  |
    +---------+---------+----------+----------+-----+-----+---------+

    + Detail: 
        * Instance: 
        N/A

        * Loop: 
        +-------------+---------+---------+----------+-----------+-----------+------+----------+
        |             |  Latency (cycles) | Iteration|  Initiation Interval  | Trip |          |
        |  Loop Name  |   min   |   max   |  Latency |  achieved |   target  | Count| Pipelined|
        +-------------+---------+---------+----------+-----------+-----------+------+----------+
        |- Loop 1     |      128|      128|         4|          -|          -|    32|    no    |
        |- Loop 2     |      260|      260|       130|          -|          -|     2|    no    |
        | + Loop 2.1  |      128|      128|         4|          -|          -|    32|    no    |
        |- Loop 3     |      260|      260|       130|          -|          -|     2|    no    |
        | + Loop 3.1  |      128|      128|         4|          -|          -|    32|    no    |
        +-------------+---------+---------+----------+-----------+-----------+------+----------+



================================================================
== Utilization Estimates
================================================================
* Summary: 
+-----------------+---------+-------+--------+-------+-----+
|       Name      | BRAM_18K| DSP48E|   FF   |  LUT  | URAM|
+-----------------+---------+-------+--------+-------+-----+
|DSP              |        -|      -|       -|      -|    -|
|Expression       |        -|      -|       0|    182|    -|
|FIFO             |        -|      -|       -|      -|    -|
|Instance         |        -|      -|       -|      -|    -|
|Memory           |        1|      -|    2048|   1024|    0|
|Multiplexer      |        -|      -|       -|    327|    -|
|Register         |        -|      -|     158|      -|    -|
+-----------------+---------+-------+--------+-------+-----+
|Total            |        1|      0|    2206|   1533|    0|
+-----------------+---------+-------+--------+-------+-----+
|Available        |      280|    220|  106400|  53200|    0|
+-----------------+---------+-------+--------+-------+-----+
|Utilization (%)  |    ~0   |      0|       2|      2|    0|
+-----------------+---------+-------+--------+-------+-----+

+ Detail: 
    * Instance: 
    N/A

    * DSP48E: 
    N/A

    * Memory: 
    +-------------------------------+--------------------------------------------------------------+---------+----+----+-----+------+-----+------+-------------+
    |             Memory            |                            Module                            | BRAM_18K| FF | LUT| URAM| Words| Bits| Banks| W*Bits*Banks|
    +-------------------------------+--------------------------------------------------------------+---------+----+----+-----+------+-----+------+-------------+
    |layer_in_row_Array_V_1_0_0_U   |cnnshift_arr_ap_fixed_ap_fixed_16_4_5_3_0_config8_s_layerjbC  |        0|  64|  32|    0|    30|   16|     1|          480|
    |layer_in_row_Array_V_1_0_1_U   |cnnshift_arr_ap_fixed_ap_fixed_16_4_5_3_0_config8_s_layerjbC  |        0|  64|  32|    0|    30|   16|     1|          480|
    |layer_in_row_Array_V_1_0_2_U   |cnnshift_arr_ap_fixed_ap_fixed_16_4_5_3_0_config8_s_layerjbC  |        0|  64|  32|    0|    30|   16|     1|          480|
    |layer_in_row_Array_V_1_0_3_U   |cnnshift_arr_ap_fixed_ap_fixed_16_4_5_3_0_config8_s_layerjbC  |        0|  64|  32|    0|    30|   16|     1|          480|
    |layer_in_row_Array_V_1_0_4_U   |cnnshift_arr_ap_fixed_ap_fixed_16_4_5_3_0_config8_s_layerjbC  |        0|  64|  32|    0|    30|   16|     1|          480|
    |layer_in_row_Array_V_1_0_5_U   |cnnshift_arr_ap_fixed_ap_fixed_16_4_5_3_0_config8_s_layerjbC  |        0|  64|  32|    0|    30|   16|     1|          480|
    |layer_in_row_Array_V_1_0_6_U   |cnnshift_arr_ap_fixed_ap_fixed_16_4_5_3_0_config8_s_layerjbC  |        0|  64|  32|    0|    30|   16|     1|          480|
    |layer_in_row_Array_V_1_0_7_U   |cnnshift_arr_ap_fixed_ap_fixed_16_4_5_3_0_config8_s_layerjbC  |        0|  64|  32|    0|    30|   16|     1|          480|
    |layer_in_row_Array_V_1_0_8_U   |cnnshift_arr_ap_fixed_ap_fixed_16_4_5_3_0_config8_s_layerjbC  |        0|  64|  32|    0|    30|   16|     1|          480|
    |layer_in_row_Array_V_1_0_9_U   |cnnshift_arr_ap_fixed_ap_fixed_16_4_5_3_0_config8_s_layerjbC  |        0|  64|  32|    0|    30|   16|     1|          480|
    |layer_in_row_Array_V_1_0_10_U  |cnnshift_arr_ap_fixed_ap_fixed_16_4_5_3_0_config8_s_layerjbC  |        0|  64|  32|    0|    30|   16|     1|          480|
    |layer_in_row_Array_V_1_0_11_U  |cnnshift_arr_ap_fixed_ap_fixed_16_4_5_3_0_config8_s_layerjbC  |        0|  64|  32|    0|    30|   16|     1|          480|
    |layer_in_row_Array_V_1_0_12_U  |cnnshift_arr_ap_fixed_ap_fixed_16_4_5_3_0_config8_s_layerjbC  |        0|  64|  32|    0|    30|   16|     1|          480|
    |layer_in_row_Array_V_1_0_13_U  |cnnshift_arr_ap_fixed_ap_fixed_16_4_5_3_0_config8_s_layerjbC  |        0|  64|  32|    0|    30|   16|     1|          480|
    |layer_in_row_Array_V_1_0_14_U  |cnnshift_arr_ap_fixed_ap_fixed_16_4_5_3_0_config8_s_layerjbC  |        0|  64|  32|    0|    30|   16|     1|          480|
    |layer_in_row_Array_V_1_0_15_U  |cnnshift_arr_ap_fixed_ap_fixed_16_4_5_3_0_config8_s_layerjbC  |        0|  64|  32|    0|    30|   16|     1|          480|
    |layer_in_row_Array_V_1_0_16_U  |cnnshift_arr_ap_fixed_ap_fixed_16_4_5_3_0_config8_s_layerjbC  |        0|  64|  32|    0|    30|   16|     1|          480|
    |layer_in_row_Array_V_1_0_17_U  |cnnshift_arr_ap_fixed_ap_fixed_16_4_5_3_0_config8_s_layerjbC  |        0|  64|  32|    0|    30|   16|     1|          480|
    |layer_in_row_Array_V_1_0_18_U  |cnnshift_arr_ap_fixed_ap_fixed_16_4_5_3_0_config8_s_layerjbC  |        0|  64|  32|    0|    30|   16|     1|          480|
    |layer_in_row_Array_V_1_0_19_U  |cnnshift_arr_ap_fixed_ap_fixed_16_4_5_3_0_config8_s_layerjbC  |        0|  64|  32|    0|    30|   16|     1|          480|
    |layer_in_row_Array_V_1_0_20_U  |cnnshift_arr_ap_fixed_ap_fixed_16_4_5_3_0_config8_s_layerjbC  |        0|  64|  32|    0|    30|   16|     1|          480|
    |layer_in_row_Array_V_1_0_21_U  |cnnshift_arr_ap_fixed_ap_fixed_16_4_5_3_0_config8_s_layerjbC  |        0|  64|  32|    0|    30|   16|     1|          480|
    |layer_in_row_Array_V_1_0_22_U  |cnnshift_arr_ap_fixed_ap_fixed_16_4_5_3_0_config8_s_layerjbC  |        0|  64|  32|    0|    30|   16|     1|          480|
    |layer_in_row_Array_V_1_0_23_U  |cnnshift_arr_ap_fixed_ap_fixed_16_4_5_3_0_config8_s_layerjbC  |        0|  64|  32|    0|    30|   16|     1|          480|
    |layer_in_row_Array_V_1_0_24_U  |cnnshift_arr_ap_fixed_ap_fixed_16_4_5_3_0_config8_s_layerjbC  |        0|  64|  32|    0|    30|   16|     1|          480|
    |layer_in_row_Array_V_1_0_25_U  |cnnshift_arr_ap_fixed_ap_fixed_16_4_5_3_0_config8_s_layerjbC  |        0|  64|  32|    0|    30|   16|     1|          480|
    |layer_in_row_Array_V_1_0_26_U  |cnnshift_arr_ap_fixed_ap_fixed_16_4_5_3_0_config8_s_layerjbC  |        0|  64|  32|    0|    30|   16|     1|          480|
    |layer_in_row_Array_V_1_0_27_U  |cnnshift_arr_ap_fixed_ap_fixed_16_4_5_3_0_config8_s_layerjbC  |        0|  64|  32|    0|    30|   16|     1|          480|
    |layer_in_row_Array_V_1_0_28_U  |cnnshift_arr_ap_fixed_ap_fixed_16_4_5_3_0_config8_s_layerjbC  |        0|  64|  32|    0|    30|   16|     1|          480|
    |layer_in_row_Array_V_1_0_29_U  |cnnshift_arr_ap_fixed_ap_fixed_16_4_5_3_0_config8_s_layerjbC  |        0|  64|  32|    0|    30|   16|     1|          480|
    |layer_in_row_Array_V_1_0_30_U  |cnnshift_arr_ap_fixed_ap_fixed_16_4_5_3_0_config8_s_layerjbC  |        0|  64|  32|    0|    30|   16|     1|          480|
    |layer_in_row_Array_V_1_0_31_U  |cnnshift_arr_ap_fixed_ap_fixed_16_4_5_3_0_config8_s_layerjbC  |        0|  64|  32|    0|    30|   16|     1|          480|
    |tmpinput_V_U                   |cnnshift_arr_ap_fixed_ap_fixed_16_4_5_3_0_config8_s_tmpinPgM  |        1|   0|   0|    0|    64|   16|     1|         1024|
    +-------------------------------+--------------------------------------------------------------+---------+----+----+-----+------+-----+------+-------------+
    |Total                          |                                                              |        1|2048|1024|    0|  1024|  528|    33|        16384|
    +-------------------------------+--------------------------------------------------------------+---------+----+----+-----+------+-----+------+-------------+

    * FIFO: 
    N/A

    * Expression: 
    +----------------------+----------+-------+---+----+------------+------------+
    |     Variable Name    | Operation| DSP48E| FF| LUT| Bitwidth P0| Bitwidth P1|
    +----------------------+----------+-------+---+----+------------+------------+
    |add_ln124_fu_751_p2   |     +    |      0|  0|  10|           2|           1|
    |add_ln125_fu_789_p2   |     +    |      0|  0|  15|           6|           1|
    |add_ln126_fu_795_p2   |     +    |      0|  0|  15|           8|           8|
    |add_ln134_fu_878_p2   |     +    |      0|  0|  15|           8|           8|
    |add_ln203_fu_883_p2   |     +    |      0|  0|  15|           8|           8|
    |i0_fu_430_p2          |     +    |      0|  0|  15|           6|           1|
    |i1_fu_822_p2          |     +    |      0|  0|  10|           2|           1|
    |i2_fu_872_p2          |     +    |      0|  0|  15|           6|           1|
    |icmp_ln124_fu_745_p2  |   icmp   |      0|  0|   9|           2|           3|
    |icmp_ln125_fu_783_p2  |   icmp   |      0|  0|  11|           6|           7|
    |icmp_ln131_fu_816_p2  |   icmp   |      0|  0|   9|           2|           3|
    |icmp_ln133_fu_866_p2  |   icmp   |      0|  0|  11|           6|           7|
    |icmp_ln151_fu_424_p2  |   icmp   |      0|  0|  11|           6|           7|
    |or_ln126_fu_769_p2    |    or    |      0|  0|   7|           7|           6|
    |or_ln134_fu_840_p2    |    or    |      0|  0|   7|           7|           6|
    |xor_ln203_fu_442_p2   |    xor   |      0|  0|   7|           6|           7|
    +----------------------+----------+-------+---+----+------------+------------+
    |Total                 |          |      0|  0| 182|          88|          75|
    +----------------------+----------+-------+---+----+------------+------------+

    * Multiplexer: 
    +---------------------+-----+-----------+-----+-----------+
    |         Name        | LUT | Input Size| Bits| Total Bits|
    +---------------------+-----+-----------+-----+-----------+
    |DataOut_V_0_reg_309  |  145|         32|   16|        512|
    |ap_NS_fsm            |   65|         16|    1|         16|
    |i0_0_reg_297         |    9|          2|    6|         12|
    |i11_0_i_reg_402      |    9|          2|    2|          4|
    |i1_0_i_0_reg_379     |    9|          2|    2|          4|
    |i22_0_i_reg_413      |    9|          2|    6|         12|
    |i2_0_i_0_reg_390     |    9|          2|    6|         12|
    |output_V_address0    |   21|          4|    7|         28|
    |output_V_d0          |   15|          3|   16|         48|
    |tmpinput_V_address0  |   21|          4|    6|         24|
    |tmpinput_V_d0        |   15|          3|   16|         48|
    +---------------------+-----+-----------+-----+-----------+
    |Total                |  327|         72|   84|        720|
    +---------------------+-----+-----------+-----+-----------+

    * Register: 
    +----------------------------+----+----+-----+-----------+
    |            Name            | FF | LUT| Bits| Const Bits|
    +----------------------------+----+----+-----+-----------+
    |DataOut_V_0_reg_309         |  16|   0|   16|          0|
    |add_ln124_reg_1117          |   2|   0|    2|          0|
    |add_ln125_reg_1135          |   6|   0|    6|          0|
    |add_ln126_reg_1140          |   8|   0|    8|          0|
    |add_ln134_reg_1181          |   8|   0|    8|          0|
    |add_ln203_reg_1186          |   8|   0|    8|          0|
    |ap_CS_fsm                   |  15|   0|   15|          0|
    |data_V_load_reg_914         |  16|   0|   16|          0|
    |i0_0_reg_297                |   6|   0|    6|          0|
    |i0_reg_899                  |   6|   0|    6|          0|
    |i11_0_i_reg_402             |   2|   0|    2|          0|
    |i1_0_i_0_reg_379            |   2|   0|    2|          0|
    |i1_reg_1158                 |   2|   0|    2|          0|
    |i22_0_i_reg_413             |   6|   0|    6|          0|
    |i2_0_i_0_reg_390            |   6|   0|    6|          0|
    |i2_reg_1176                 |   6|   0|    6|          0|
    |output_V_load_reg_1150      |  16|   0|   16|          0|
    |tmpinput_V_addr_13_reg_904  |   6|   0|    6|          0|
    |tmpinput_V_load_reg_1196    |  16|   0|   16|          0|
    |trunc_ln126_reg_1122        |   1|   0|    1|          0|
    |zext_ln126_20_reg_1127      |   1|   0|    8|          7|
    |zext_ln133_1_reg_1168       |   2|   0|    8|          6|
    |zext_ln134_8_reg_1163       |   1|   0|    8|          7|
    +----------------------------+----+----+-----+-----------+
    |Total                       | 158|   0|  178|         20|
    +----------------------------+----+----+-----+-----------+



================================================================
== Interface
================================================================
* Summary: 
+-------------------+-----+-----+------------+-----------------------------------------------------+--------------+
|     RTL Ports     | Dir | Bits|  Protocol  |                    Source Object                    |    C Type    |
+-------------------+-----+-----+------------+-----------------------------------------------------+--------------+
|ap_clk             |  in |    1| ap_ctrl_hs | cnnshift_arr<ap_fixed,ap_fixed<16,4,5,3,0>,config8> | return value |
|ap_rst             |  in |    1| ap_ctrl_hs | cnnshift_arr<ap_fixed,ap_fixed<16,4,5,3,0>,config8> | return value |
|ap_start           |  in |    1| ap_ctrl_hs | cnnshift_arr<ap_fixed,ap_fixed<16,4,5,3,0>,config8> | return value |
|ap_done            | out |    1| ap_ctrl_hs | cnnshift_arr<ap_fixed,ap_fixed<16,4,5,3,0>,config8> | return value |
|ap_idle            | out |    1| ap_ctrl_hs | cnnshift_arr<ap_fixed,ap_fixed<16,4,5,3,0>,config8> | return value |
|ap_ready           | out |    1| ap_ctrl_hs | cnnshift_arr<ap_fixed,ap_fixed<16,4,5,3,0>,config8> | return value |
|data_V_address0    | out |    5|  ap_memory |                        data_V                       |     array    |
|data_V_ce0         | out |    1|  ap_memory |                        data_V                       |     array    |
|data_V_q0          |  in |   16|  ap_memory |                        data_V                       |     array    |
|output_V_address0  | out |    7|  ap_memory |                       output_V                      |     array    |
|output_V_ce0       | out |    1|  ap_memory |                       output_V                      |     array    |
|output_V_we0       | out |    1|  ap_memory |                       output_V                      |     array    |
|output_V_d0        | out |   16|  ap_memory |                       output_V                      |     array    |
|output_V_q0        |  in |   16|  ap_memory |                       output_V                      |     array    |
+-------------------+-----+-----+------------+-----------------------------------------------------+--------------+

