

================================================================
== Vivado HLS Report for 'cnnshift_arr_buffer_ap_fixed_ap_fixed_config5_s'
================================================================
* Date:           Wed Aug 10 16:30:18 2022

* Version:        2019.2 (Build 2704478 on Wed Nov 06 22:10:23 MST 2019)
* Project:        myproject_prj
* Solution:       solution1
* Product family: zynq
* Target device:  xc7z020-clg400-1


================================================================
== Performance Estimates
================================================================
+ Timing: 
    * Summary: 
    +--------+---------+----------+------------+
    |  Clock |  Target | Estimated| Uncertainty|
    +--------+---------+----------+------------+
    |ap_clk  | 5.00 ns | 3.786 ns |   0.62 ns  |
    +--------+---------+----------+------------+

+ Latency: 
    * Summary: 
    +---------+---------+-----------+-----------+-------+-------+---------+
    |  Latency (cycles) |   Latency (absolute)  |    Interval   | Pipeline|
    |   min   |   max   |    min    |    max    |  min  |  max  |   Type  |
    +---------+---------+-----------+-----------+-------+-------+---------+
    |    11545|    11545| 57.725 us | 57.725 us |  11545|  11545|   none  |
    +---------+---------+-----------+-----------+-------+-------+---------+

    + Detail: 
        * Instance: 
        N/A

        * Loop: 
        +-----------------+---------+---------+----------+-----------+-----------+------+----------+
        |                 |  Latency (cycles) | Iteration|  Initiation Interval  | Trip |          |
        |    Loop Name    |   min   |   max   |  Latency |  achieved |   target  | Count| Pipelined|
        +-----------------+---------+---------+----------+-----------+-----------+------+----------+
        |- Loop 1         |    10368|    10368|       324|          -|          -|    32|    no    |
        | + Loop 1.1      |      320|      320|       160|          -|          -|     2|    no    |
        |  ++ Loop 1.1.1  |      155|      155|         5|          -|          -|    31|    no    |
        |- Loop 2         |      784|      784|       392|          -|          -|     2|    no    |
        | + Loop 2.1      |      390|      390|       130|          -|          -|     3|    no    |
        |  ++ Loop 2.1.1  |      128|      128|         4|          -|          -|    32|    no    |
        |- Loop 3         |      390|      390|       130|          -|          -|     3|    no    |
        | + Loop 3.1      |      128|      128|         4|          -|          -|    32|    no    |
        +-----------------+---------+---------+----------+-----------+-----------+------+----------+



================================================================
== Utilization Estimates
================================================================
* Summary: 
+-----------------+---------+-------+--------+-------+-----+
|       Name      | BRAM_18K| DSP48E|   FF   |  LUT  | URAM|
+-----------------+---------+-------+--------+-------+-----+
|DSP              |        -|      -|       -|      -|    -|
|Expression       |        -|      -|       0|    466|    -|
|FIFO             |        -|      -|       -|      -|    -|
|Instance         |        -|      -|       -|      -|    -|
|Memory           |        3|      -|       0|      0|    0|
|Multiplexer      |        -|      -|       -|    309|    -|
|Register         |        -|      -|     316|      -|    -|
+-----------------+---------+-------+--------+-------+-----+
|Total            |        3|      0|     316|    775|    0|
+-----------------+---------+-------+--------+-------+-----+
|Available        |      280|    220|  106400|  53200|    0|
+-----------------+---------+-------+--------+-------+-----+
|Utilization (%)  |        1|      0|   ~0   |      1|    0|
+-----------------+---------+-------+--------+-------+-----+

+ Detail: 
    * Instance: 
    N/A

    * DSP48E: 
    N/A

    * Memory: 
    +------------------+--------------------------------------------------------------+---------+---+----+-----+------+-----+------+-------------+
    |      Memory      |                            Module                            | BRAM_18K| FF| LUT| URAM| Words| Bits| Banks| W*Bits*Banks|
    +------------------+--------------------------------------------------------------+---------+---+----+-----+------+-----+------+-------------+
    |linebuffer_V_4_U  |cnnshift_arr_buffer_ap_fixed_ap_fixed_config5_s_linebuffefYi  |        2|  0|   0|    0|  2048|   16|     1|        32768|
    |tmpinput_V_U      |cnnshift_arr_buffer_ap_fixed_ap_fixed_config5_s_tmpinput_V    |        1|  0|   0|    0|    96|   16|     1|         1536|
    +------------------+--------------------------------------------------------------+---------+---+----+-----+------+-----+------+-------------+
    |Total             |                                                              |        3|  0|   0|    0|  2144|   32|     2|        34304|
    +------------------+--------------------------------------------------------------+---------+---+----+-----+------+-----+------+-------------+

    * FIFO: 
    N/A

    * Expression: 
    +------------------------+----------+-------+---+----+------------+------------+
    |      Variable Name     | Operation| DSP48E| FF| LUT| Bitwidth P0| Bitwidth P1|
    +------------------------+----------+-------+---+----+------------+------------+
    |add_ln126_5_fu_617_p2   |     +    |      0|  0|  14|          10|          10|
    |add_ln126_6_fu_608_p2   |     +    |      0|  0|  15|           7|           7|
    |add_ln126_7_fu_622_p2   |     +    |      0|  0|  15|           7|           7|
    |add_ln126_8_fu_631_p2   |     +    |      0|  0|  14|          10|          10|
    |add_ln126_fu_544_p2     |     +    |      0|  0|  15|           6|           7|
    |add_ln134_fu_718_p2     |     +    |      0|  0|  15|           9|           9|
    |add_ln182_fu_339_p2     |     +    |      0|  0|  15|           8|           8|
    |add_ln187_2_fu_362_p2   |     +    |      0|  0|  15|           8|           8|
    |add_ln187_fu_344_p2     |     +    |      0|  0|  10|           2|           2|
    |add_ln203_10_fu_483_p2  |     +    |      0|  0|  17|          13|          13|
    |add_ln203_11_fu_438_p2  |     +    |      0|  0|  15|           7|           7|
    |add_ln203_12_fu_499_p2  |     +    |      0|  0|  17|          13|          13|
    |add_ln203_13_fu_727_p2  |     +    |      0|  0|  15|           8|           8|
    |add_ln203_7_fu_384_p2   |     +    |      0|  0|  12|          12|          12|
    |add_ln203_8_fu_461_p2   |     +    |      0|  0|  15|           8|           8|
    |add_ln203_9_fu_421_p2   |     +    |      0|  0|  15|           7|           7|
    |add_ln203_fu_378_p2     |     +    |      0|  0|  12|          12|          11|
    |i0_2_fu_522_p2          |     +    |      0|  0|  10|           2|           1|
    |i0_fu_283_p2            |     +    |      0|  0|  15|           6|           1|
    |i1_3_fu_658_p2          |     +    |      0|  0|  10|           2|           1|
    |i1_4_fu_556_p2          |     +    |      0|  0|  10|           2|           1|
    |i1_fu_466_p2            |     +    |      0|  0|  10|           2|           1|
    |i2_3_fu_700_p2          |     +    |      0|  0|  15|           6|           1|
    |i2_4_fu_602_p2          |     +    |      0|  0|  15|           6|           1|
    |i2_fu_403_p2            |     +    |      0|  0|  15|           5|           1|
    |sub_ln126_fu_586_p2     |     -    |      0|  0|  14|          10|          10|
    |sub_ln134_fu_684_p2     |     -    |      0|  0|  15|           9|           9|
    |sub_ln195_fu_443_p2     |     -    |      0|  0|  12|           3|           2|
    |icmp_ln122_fu_516_p2    |   icmp   |      0|  0|   9|           2|           3|
    |icmp_ln124_fu_550_p2    |   icmp   |      0|  0|   8|           2|           2|
    |icmp_ln125_fu_596_p2    |   icmp   |      0|  0|  11|           6|           7|
    |icmp_ln131_fu_652_p2    |   icmp   |      0|  0|   8|           2|           2|
    |icmp_ln133_fu_694_p2    |   icmp   |      0|  0|  11|           6|           7|
    |icmp_ln177_fu_277_p2    |   icmp   |      0|  0|  11|           6|           7|
    |icmp_ln180_fu_315_p2    |   icmp   |      0|  0|   8|           2|           2|
    |icmp_ln189_fu_397_p2    |   icmp   |      0|  0|  11|           5|           2|
    |xor_ln182_fu_321_p2     |    xor   |      0|  0|   2|           2|           2|
    +------------------------+----------+-------+---+----+------------+------------+
    |Total                   |          |      0|  0| 466|         233|         210|
    +------------------------+----------+-------+---+----+------------+------------+

    * Multiplexer: 
    +-------------------------+-----+-----------+-----+-----------+
    |           Name          | LUT | Input Size| Bits| Total Bits|
    +-------------------------+-----+-----------+-----+-----------+
    |ap_NS_fsm                |  117|         25|    1|         25|
    |i0_0_i_reg_216           |    9|          2|    2|          4|
    |i0_0_reg_181             |    9|          2|    6|         12|
    |i11_0_i_reg_249          |    9|          2|    2|          4|
    |i1_0_i_reg_227           |    9|          2|    2|          4|
    |i1_0_reg_193             |    9|          2|    2|          4|
    |i22_0_i_reg_260          |    9|          2|    6|         12|
    |i2_0_i_reg_238           |    9|          2|    6|         12|
    |i2_0_reg_205             |    9|          2|    5|         10|
    |linebuffer_V_4_address0  |   27|          5|   11|         55|
    |linebuffer_V_4_d0        |   15|          3|   16|         48|
    |output_V_address0        |   21|          4|    9|         36|
    |output_V_d0              |   15|          3|   16|         48|
    |tmpinput_V_address0      |   27|          5|    7|         35|
    |tmpinput_V_d0            |   15|          3|   16|         48|
    +-------------------------+-----+-----------+-----+-----------+
    |Total                    |  309|         64|  107|        357|
    +-------------------------+-----+-----------+-----+-----------+

    * Register: 
    +-------------------------------+----+----+-----+-----------+
    |              Name             | FF | LUT| Bits| Const Bits|
    +-------------------------------+----+----+-----+-----------+
    |add_ln126_5_reg_913            |  10|   0|   10|          0|
    |add_ln126_8_reg_918            |  10|   0|   10|          0|
    |add_ln126_reg_886              |   2|   0|    7|          5|
    |add_ln134_reg_959              |   9|   0|    9|          0|
    |add_ln182_reg_779              |   8|   0|    8|          0|
    |add_ln187_2_reg_794            |   8|   0|    8|          0|
    |add_ln187_reg_784              |   2|   0|    2|          0|
    |add_ln203_10_reg_853           |  13|   0|   13|          0|
    |add_ln203_11_reg_838           |   7|   0|    7|          0|
    |add_ln203_12_reg_858           |  13|   0|   13|          0|
    |add_ln203_13_reg_964           |   8|   0|    8|          0|
    |add_ln203_8_reg_843            |   8|   0|    8|          0|
    |add_ln203_9_reg_833            |   7|   0|    7|          0|
    |ap_CS_fsm                      |  24|   0|   24|          0|
    |data_V_load_reg_753            |  16|   0|   16|          0|
    |i0_0_i_reg_216                 |   2|   0|    2|          0|
    |i0_0_reg_181                   |   6|   0|    6|          0|
    |i0_2_reg_876                   |   2|   0|    2|          0|
    |i0_reg_743                     |   6|   0|    6|          0|
    |i11_0_i_reg_249                |   2|   0|    2|          0|
    |i1_0_i_reg_227                 |   2|   0|    2|          0|
    |i1_0_reg_193                   |   2|   0|    2|          0|
    |i1_3_reg_936                   |   2|   0|    2|          0|
    |i1_4_reg_894                   |   2|   0|    2|          0|
    |i1_reg_848                     |   2|   0|    2|          0|
    |i22_0_i_reg_260                |   6|   0|    6|          0|
    |i2_0_i_reg_238                 |   6|   0|    6|          0|
    |i2_0_reg_205                   |   5|   0|    5|          0|
    |i2_3_reg_954                   |   6|   0|    6|          0|
    |i2_4_reg_908                   |   6|   0|    6|          0|
    |i2_reg_828                     |   5|   0|    5|          0|
    |linebuffer_V_4_addr_1_reg_809  |  11|   0|   11|          0|
    |linebuffer_V_4_load_reg_868    |  16|   0|   16|          0|
    |output_V_load_reg_928          |  16|   0|   16|          0|
    |reg_271                        |  16|   0|   16|          0|
    |sub_ln126_reg_899              |   5|   0|   10|          5|
    |sub_ln134_reg_941              |   4|   0|    9|          5|
    |tmp_15_reg_789                 |   2|   0|    7|          5|
    |tmp_V_reg_820                  |  16|   0|   16|          0|
    |zext_ln126_7_reg_881           |   1|   0|    7|          6|
    |zext_ln133_reg_946             |   2|   0|    8|          6|
    |zext_ln187_reg_814             |   2|   0|    7|          5|
    |zext_ln203_11_reg_764          |   6|   0|   12|          6|
    |zext_ln203_12_reg_769          |   6|   0|    8|          2|
    |zext_ln203_reg_758             |   6|   0|   13|          7|
    +-------------------------------+----+----+-----+-----------+
    |Total                          | 316|   0|  368|         52|
    +-------------------------------+----+----+-----+-----------+



================================================================
== Interface
================================================================
* Summary: 
+-------------------+-----+-----+------------+------------------------------------------------+--------------+
|     RTL Ports     | Dir | Bits|  Protocol  |                  Source Object                 |    C Type    |
+-------------------+-----+-----+------------+------------------------------------------------+--------------+
|ap_clk             |  in |    1| ap_ctrl_hs | cnnshift_arr_buffer<ap_fixed,ap_fixed,config5> | return value |
|ap_rst             |  in |    1| ap_ctrl_hs | cnnshift_arr_buffer<ap_fixed,ap_fixed,config5> | return value |
|ap_start           |  in |    1| ap_ctrl_hs | cnnshift_arr_buffer<ap_fixed,ap_fixed,config5> | return value |
|ap_done            | out |    1| ap_ctrl_hs | cnnshift_arr_buffer<ap_fixed,ap_fixed,config5> | return value |
|ap_idle            | out |    1| ap_ctrl_hs | cnnshift_arr_buffer<ap_fixed,ap_fixed,config5> | return value |
|ap_ready           | out |    1| ap_ctrl_hs | cnnshift_arr_buffer<ap_fixed,ap_fixed,config5> | return value |
|data_V_address0    | out |    5|  ap_memory |                     data_V                     |     array    |
|data_V_ce0         | out |    1|  ap_memory |                     data_V                     |     array    |
|data_V_q0          |  in |   16|  ap_memory |                     data_V                     |     array    |
|output_V_address0  | out |    9|  ap_memory |                    output_V                    |     array    |
|output_V_ce0       | out |    1|  ap_memory |                    output_V                    |     array    |
|output_V_we0       | out |    1|  ap_memory |                    output_V                    |     array    |
|output_V_d0        | out |   16|  ap_memory |                    output_V                    |     array    |
|output_V_q0        |  in |   16|  ap_memory |                    output_V                    |     array    |
+-------------------+-----+-----+------------+------------------------------------------------+--------------+

