

================================================================
== Vivado HLS Report for 'pooling2d_large_cl_nopad_pad_me'
================================================================
* Date:           Wed Aug 10 16:30:30 2022

* Version:        2019.2 (Build 2704478 on Wed Nov 06 22:10:23 MST 2019)
* Project:        myproject_prj
* Solution:       solution1
* Product family: zynq
* Target device:  xc7z020-clg400-1


================================================================
== Performance Estimates
================================================================
+ Timing: 
    * Summary: 
    +--------+---------+----------+------------+
    |  Clock |  Target | Estimated| Uncertainty|
    +--------+---------+----------+------------+
    |ap_clk  | 5.00 ns | 4.321 ns |   0.62 ns  |
    +--------+---------+----------+------------+

+ Latency: 
    * Summary: 
    +---------+---------+----------+----------+--------+--------+---------+
    |  Latency (cycles) |  Latency (absolute) |     Interval    | Pipeline|
    |   min   |   max   |    min   |    max   |   min  |   max  |   Type  |
    +---------+---------+----------+----------+--------+--------+---------+
    |   251473|   565306| 1.257 ms | 2.827 ms |  251473|  565306|   none  |
    +---------+---------+----------+----------+--------+--------+---------+

    + Detail: 
        * Instance: 
        +-----------------------------------------------------------------+------------------------------------------------------+---------+---------+----------+----------+------+------+---------+
        |                                                                 |                                                      |  Latency (cycles) |  Latency (absolute) |   Interval  | Pipeline|
        |                             Instance                            |                        Module                        |   min   |   max   |    min   |    max   |  min |  max |   Type  |
        +-----------------------------------------------------------------+------------------------------------------------------+---------+---------+----------+----------+------+------+---------+
        |grp_cnnshift_arr_ap_fixed_ap_fixed_16_4_5_3_0_config15_s_fu_352  |cnnshift_arr_ap_fixed_ap_fixed_16_4_5_3_0_config15_s  |     1355|     1355| 6.775 us | 6.775 us |  1355|  1355|   none  |
        +-----------------------------------------------------------------+------------------------------------------------------+---------+---------+----------+----------+------+------+---------+

        * Loop: 
        +-----------------+---------+---------+-------------+-----------+-----------+------+----------+
        |                 |  Latency (cycles) |  Iteration  |  Initiation Interval  | Trip |          |
        |    Loop Name    |   min   |   max   |   Latency   |  achieved |   target  | Count| Pipelined|
        +-----------------+---------+---------+-------------+-----------+-----------+------+----------+
        |- Loop 1         |   251472|   565305| 1488 ~ 3345 |          -|          -|   169|    no    |
        | + Loop 1.1      |      128|      128|            2|          -|          -|    64|    no    |
        | + Loop 1.2      |     1856|     1856|           29|          -|          -|    64|    no    |
        |  ++ Loop 1.2.1  |       16|       16|            4|          -|          -|     4|    no    |
        |  ++ Loop 1.2.2  |        9|        9|            3|          -|          -|     3|    no    |
        +-----------------+---------+---------+-------------+-----------+-----------+------+----------+



================================================================
== Utilization Estimates
================================================================
* Summary: 
+-----------------+---------+-------+--------+-------+-----+
|       Name      | BRAM_18K| DSP48E|   FF   |  LUT  | URAM|
+-----------------+---------+-------+--------+-------+-----+
|DSP              |        -|      -|       -|      -|    -|
|Expression       |        -|      -|       0|    512|    -|
|FIFO             |        -|      -|       -|      -|    -|
|Instance         |        1|      -|    5295|   2708|    0|
|Memory           |        2|      -|      32|      1|    0|
|Multiplexer      |        -|      -|       -|    305|    -|
|Register         |        -|      -|     511|      -|    -|
+-----------------+---------+-------+--------+-------+-----+
|Total            |        3|      0|    5838|   3526|    0|
+-----------------+---------+-------+--------+-------+-----+
|Available        |      280|    220|  106400|  53200|    0|
+-----------------+---------+-------+--------+-------+-----+
|Utilization (%)  |        1|      0|       5|      6|    0|
+-----------------+---------+-------+--------+-------+-----+

+ Detail: 
    * Instance: 
    +-----------------------------------------------------------------+------------------------------------------------------+---------+-------+------+------+-----+
    |                             Instance                            |                        Module                        | BRAM_18K| DSP48E|  FF  |  LUT | URAM|
    +-----------------------------------------------------------------+------------------------------------------------------+---------+-------+------+------+-----+
    |grp_cnnshift_arr_ap_fixed_ap_fixed_16_4_5_3_0_config15_s_fu_352  |cnnshift_arr_ap_fixed_ap_fixed_16_4_5_3_0_config15_s  |        1|      0|  5295|  2708|    0|
    +-----------------------------------------------------------------+------------------------------------------------------+---------+-------+------+------+-----+
    |Total                                                            |                                                      |        1|      0|  5295|  2708|    0|
    +-----------------------------------------------------------------+------------------------------------------------------+---------+-------+------+------+-----+

    * DSP48E: 
    N/A

    * Memory: 
    +----------------+--------------------------------------------------------------+---------+----+----+-----+------+-----+------+-------------+
    |     Memory     |                            Module                            | BRAM_18K| FF | LUT| URAM| Words| Bits| Banks| W*Bits*Banks|
    +----------------+--------------------------------------------------------------+---------+----+----+-----+------+-----+------+-------------+
    |tmpdata_V_U     |cnnshift_arr_ap_fixed_ap_fixed_16_4_5_3_0_config8_s_tmpinPgM  |        1|   0|   0|    0|    64|   16|     1|         1024|
    |pool_V_U        |pooling2d_large_cl_nopad_pad_me_ap_fixed_ap_fixed_config8Shg  |        0|  32|   1|    0|     4|   16|     1|           64|
    |layer_in_V_6_U  |pooling2d_large_cl_nopad_pad_me_layer_in_V_6                  |        1|   0|   0|    0|   256|   16|     1|         4096|
    +----------------+--------------------------------------------------------------+---------+----+----+-----+------+-----+------+-------------+
    |Total           |                                                              |        2|  32|   1|    0|   324|   48|     3|         5184|
    +----------------+--------------------------------------------------------------+---------+----+----+-----+------+-----+------+-------------+

    * FIFO: 
    N/A

    * Expression: 
    +------------------------+----------+-------+---+----+------------+------------+
    |      Variable Name     | Operation| DSP48E| FF| LUT| Bitwidth P0| Bitwidth P1|
    +------------------------+----------+-------+---+----+------------+------------+
    |add_ln508_fu_688_p2     |     +    |      0|  0|  15|           8|           8|
    |add_ln530_fu_635_p2     |     +    |      0|  0|  39|          32|           1|
    |add_ln532_fu_646_p2     |     +    |      0|  0|  39|          32|           1|
    |add_ln535_fu_595_p2     |     +    |      0|  0|  39|          32|           1|
    |add_ln537_fu_606_p2     |     +    |      0|  0|  39|          32|           1|
    |i0_fu_505_p2            |     +    |      0|  0|  15|           7|           1|
    |i1_fu_584_p2            |     +    |      0|  0|  15|           7|           1|
    |i2_fu_670_p2            |     +    |      0|  0|  12|           3|           1|
    |i_fu_713_p2             |     +    |      0|  0|  12|           3|           1|
    |i_ih_fu_493_p2          |     +    |      0|  0|  15|           8|           1|
    |and_ln498_3_fu_562_p2   |    and   |      0|  0|   2|           1|           1|
    |and_ln498_4_fu_568_p2   |    and   |      0|  0|   2|           1|           1|
    |and_ln498_fu_556_p2     |    and   |      0|  0|   2|           1|           1|
    |ap_block_state12        |    and   |      0|  0|   2|           1|           1|
    |ap_block_state3         |    and   |      0|  0|   2|           1|           1|
    |icmp_ln1494_fu_719_p2   |   icmp   |      0|  0|  13|          16|          16|
    |icmp_ln484_fu_487_p2    |   icmp   |      0|  0|  11|           8|           8|
    |icmp_ln489_fu_499_p2    |   icmp   |      0|  0|  11|           7|           8|
    |icmp_ln498_4_fu_530_p2  |   icmp   |      0|  0|  18|          32|           1|
    |icmp_ln498_5_fu_540_p2  |   icmp   |      0|  0|  18|          32|           1|
    |icmp_ln498_6_fu_550_p2  |   icmp   |      0|  0|  18|          32|           1|
    |icmp_ln498_fu_520_p2    |   icmp   |      0|  0|  18|          32|           1|
    |icmp_ln500_fu_578_p2    |   icmp   |      0|  0|  11|           7|           8|
    |icmp_ln506_fu_664_p2    |   icmp   |      0|  0|   9|           3|           4|
    |icmp_ln512_fu_702_p2    |   icmp   |      0|  0|   9|           3|           4|
    |icmp_ln522_fu_590_p2    |   icmp   |      0|  0|  18|          32|           4|
    |icmp_ln526_fu_630_p2    |   icmp   |      0|  0|  18|          32|           4|
    |ap_block_state1         |    or    |      0|  0|   2|           1|           1|
    |ap_condition_1099       |    or    |      0|  0|   2|           1|           1|
    |ap_condition_166        |    or    |      0|  0|   2|           1|           1|
    |ap_condition_177        |    or    |      0|  0|   2|           1|           1|
    |ap_condition_316        |    or    |      0|  0|   2|           1|           1|
    |pool_res_V_2_fu_724_p3  |  select  |      0|  0|  16|           1|          16|
    |select_ln532_fu_651_p3  |  select  |      0|  0|  32|           1|           1|
    |select_ln537_fu_611_p3  |  select  |      0|  0|  32|           1|           1|
    +------------------------+----------+-------+---+----+------------+------------+
    |Total                   |          |      0|  0| 512|         413|         105|
    +------------------------+----------+-------+---+----+------------+------------+

    * Multiplexer: 
    +-----------------------+----+-----------+-----+-----------+
    |          Name         | LUT| Input Size| Bits| Total Bits|
    +-----------------------+----+-----------+-----+-----------+
    |ap_NS_fsm              |  89|         18|    1|         18|
    |ap_done                |   9|          2|    1|          2|
    |data_V_V_blk_n         |   9|          2|    1|          2|
    |i0_0_reg_284           |   9|          2|    7|         14|
    |i1_0_reg_296           |   9|          2|    7|         14|
    |i2_0_reg_307           |   9|          2|    3|          6|
    |i_0_reg_330            |   9|          2|    3|          6|
    |i_ih_0_reg_273         |   9|          2|    8|         16|
    |layer_in_V_6_address0  |  15|          3|    8|         24|
    |layer_in_V_6_ce0       |  15|          3|    1|          3|
    |layer_in_V_6_we0       |   9|          2|    1|          2|
    |pX_1                   |   9|          2|   32|         64|
    |pY_1                   |   9|          2|   32|         64|
    |pool_V_address0        |  21|          4|    2|          8|
    |real_start             |   9|          2|    1|          2|
    |res_V_V_blk_n          |   9|          2|    1|          2|
    |sX_1                   |   9|          2|   32|         64|
    |storemerge_reg_341     |   9|          2|   32|         64|
    |tmp_V_reg_319          |   9|          2|   16|         32|
    |tmpdata_V_address0     |  15|          3|    6|         18|
    |tmpdata_V_ce0          |  15|          3|    1|          3|
    +-----------------------+----+-----------+-----+-----------+
    |Total                  | 305|         64|  196|        428|
    +-----------------------+----+-----------+-----+-----------+

    * Register: 
    +------------------------------------------------------------------------------+----+----+-----+-----------+
    |                                     Name                                     | FF | LUT| Bits| Const Bits|
    +------------------------------------------------------------------------------+----+----+-----+-----------+
    |add_ln508_reg_842                                                             |   8|   0|    8|          0|
    |and_ln498_4_reg_800                                                           |   1|   0|    1|          0|
    |ap_CS_fsm                                                                     |  17|   0|   17|          0|
    |ap_done_reg                                                                   |   1|   0|    1|          0|
    |grp_cnnshift_arr_ap_fixed_ap_fixed_16_4_5_3_0_config15_s_fu_352_ap_start_reg  |   1|   0|    1|          0|
    |i0_0_reg_284                                                                  |   7|   0|    7|          0|
    |i0_reg_758                                                                    |   7|   0|    7|          0|
    |i1_0_reg_296                                                                  |   7|   0|    7|          0|
    |i1_reg_812                                                                    |   7|   0|    7|          0|
    |i2_0_reg_307                                                                  |   3|   0|    3|          0|
    |i2_reg_837                                                                    |   3|   0|    3|          0|
    |i_0_reg_330                                                                   |   3|   0|    3|          0|
    |i_ih_0_reg_273                                                                |   8|   0|    8|          0|
    |i_ih_reg_750                                                                  |   8|   0|    8|          0|
    |i_reg_870                                                                     |   3|   0|    3|          0|
    |icmp_ln498_4_reg_783                                                          |   1|   0|    1|          0|
    |icmp_ln498_reg_773                                                            |   1|   0|    1|          0|
    |icmp_ln522_reg_817                                                            |   1|   0|    1|          0|
    |layer_in_V_6_load_reg_852                                                     |  16|   0|   16|          0|
    |pX_1                                                                          |  32|   0|   32|          0|
    |pX_1_load_reg_794                                                             |  32|   0|   32|          0|
    |pY_1                                                                          |  32|   0|   32|          0|
    |pY_1_load_reg_788                                                             |  32|   0|   32|          0|
    |pool_V_load_reg_875                                                           |  16|   0|   16|          0|
    |sX_1                                                                          |  32|   0|   32|          0|
    |sX_1_load_reg_768                                                             |  32|   0|   32|          0|
    |sY_1                                                                          |  32|   0|   32|          0|
    |sY_1_load_reg_778                                                             |  32|   0|   32|          0|
    |select_ln532_reg_829                                                          |  32|   0|   32|          0|
    |select_ln537_reg_821                                                          |  32|   0|   32|          0|
    |start_once_reg                                                                |   1|   0|    1|          0|
    |storemerge_reg_341                                                            |  32|   0|   32|          0|
    |tmp_V_12_reg_763                                                              |  16|   0|   16|          0|
    |tmp_V_reg_319                                                                 |  16|   0|   16|          0|
    |zext_ln500_reg_804                                                            |   7|   0|    8|          1|
    +------------------------------------------------------------------------------+----+----+-----+-----------+
    |Total                                                                         | 511|   0|  512|          1|
    +------------------------------------------------------------------------------+----+----+-----+-----------+



================================================================
== Interface
================================================================
* Summary: 
+------------------+-----+-----+------------+---------------------------------+--------------+
|     RTL Ports    | Dir | Bits|  Protocol  |          Source Object          |    C Type    |
+------------------+-----+-----+------------+---------------------------------+--------------+
|ap_clk            |  in |    1| ap_ctrl_hs | pooling2d_large_cl_nopad_pad_me | return value |
|ap_rst            |  in |    1| ap_ctrl_hs | pooling2d_large_cl_nopad_pad_me | return value |
|ap_start          |  in |    1| ap_ctrl_hs | pooling2d_large_cl_nopad_pad_me | return value |
|start_full_n      |  in |    1| ap_ctrl_hs | pooling2d_large_cl_nopad_pad_me | return value |
|ap_done           | out |    1| ap_ctrl_hs | pooling2d_large_cl_nopad_pad_me | return value |
|ap_continue       |  in |    1| ap_ctrl_hs | pooling2d_large_cl_nopad_pad_me | return value |
|ap_idle           | out |    1| ap_ctrl_hs | pooling2d_large_cl_nopad_pad_me | return value |
|ap_ready          | out |    1| ap_ctrl_hs | pooling2d_large_cl_nopad_pad_me | return value |
|start_out         | out |    1| ap_ctrl_hs | pooling2d_large_cl_nopad_pad_me | return value |
|start_write       | out |    1| ap_ctrl_hs | pooling2d_large_cl_nopad_pad_me | return value |
|data_V_V_dout     |  in |   16|   ap_fifo  |             data_V_V            |    pointer   |
|data_V_V_empty_n  |  in |    1|   ap_fifo  |             data_V_V            |    pointer   |
|data_V_V_read     | out |    1|   ap_fifo  |             data_V_V            |    pointer   |
|res_V_V_din       | out |   16|   ap_fifo  |             res_V_V             |    pointer   |
|res_V_V_full_n    |  in |    1|   ap_fifo  |             res_V_V             |    pointer   |
|res_V_V_write     | out |    1|   ap_fifo  |             res_V_V             |    pointer   |
+------------------+-----+-----+------------+---------------------------------+--------------+

