

================================================================
== Vivado HLS Report for 'pooling2d_large_cl_nopad_pad_me_ap_fixed_ap_fixed_config8_s'
================================================================
* Date:           Wed Aug 10 16:30:21 2022

* Version:        2019.2 (Build 2704478 on Wed Nov 06 22:10:23 MST 2019)
* Project:        myproject_prj
* Solution:       solution1
* Product family: zynq
* Target device:  xc7z020-clg400-1


================================================================
== Performance Estimates
================================================================
+ Timing: 
    * Summary: 
    +--------+---------+----------+------------+
    |  Clock |  Target | Estimated| Uncertainty|
    +--------+---------+----------+------------+
    |ap_clk  | 5.00 ns | 4.321 ns |   0.62 ns  |
    +--------+---------+----------+------------+

+ Latency: 
    * Summary: 
    +---------+---------+----------+----------+--------+---------+---------+
    |  Latency (cycles) |  Latency (absolute) |     Interval     | Pipeline|
    |   min   |   max   |    min   |    max   |   min  |   max   |   Type  |
    +---------+---------+----------+----------+--------+---------+---------+
    |   648001|  1484101| 3.240 ms | 7.421 ms |  648001|  1484101|   none  |
    +---------+---------+----------+----------+--------+---------+---------+

    + Detail: 
        * Instance: 
        +----------------------------------------------------------------+-----------------------------------------------------+---------+---------+----------+----------+-----+-----+---------+
        |                                                                |                                                     |  Latency (cycles) |  Latency (absolute) |  Interval | Pipeline|
        |                            Instance                            |                        Module                       |   min   |   max   |    min   |    max   | min | max |   Type  |
        +----------------------------------------------------------------+-----------------------------------------------------+---------+---------+----------+----------+-----+-----+---------+
        |grp_cnnshift_arr_ap_fixed_ap_fixed_16_4_5_3_0_config8_s_fu_288  |cnnshift_arr_ap_fixed_ap_fixed_16_4_5_3_0_config8_s  |      651|      651| 3.255 us | 3.255 us |  651|  651|   none  |
        +----------------------------------------------------------------+-----------------------------------------------------+---------+---------+----------+----------+-----+-----+---------+

        * Loop: 
        +-----------------+---------+---------+------------+-----------+-----------+------+----------+
        |                 |  Latency (cycles) |  Iteration |  Initiation Interval  | Trip |          |
        |    Loop Name    |   min   |   max   |   Latency  |  achieved |   target  | Count| Pipelined|
        +-----------------+---------+---------+------------+-----------+-----------+------+----------+
        |- Loop 1         |   648000|  1484100| 720 ~ 1649 |          -|          -|   900|    no    |
        | + Loop 1.1      |       64|       64|           2|          -|          -|    32|    no    |
        | + Loop 1.2      |      928|      928|          29|          -|          -|    32|    no    |
        |  ++ Loop 1.2.1  |       16|       16|           4|          -|          -|     4|    no    |
        |  ++ Loop 1.2.2  |        9|        9|           3|          -|          -|     3|    no    |
        +-----------------+---------+---------+------------+-----------+-----------+------+----------+



================================================================
== Utilization Estimates
================================================================
* Summary: 
+-----------------+---------+-------+--------+-------+-----+
|       Name      | BRAM_18K| DSP48E|   FF   |  LUT  | URAM|
+-----------------+---------+-------+--------+-------+-----+
|DSP              |        -|      -|       -|      -|    -|
|Expression       |        -|      -|       0|    513|    -|
|FIFO             |        -|      -|       -|      -|    -|
|Instance         |        1|      -|    2206|   1533|    0|
|Memory           |        1|      -|      64|      9|    0|
|Multiplexer      |        -|      -|       -|    305|    -|
|Register         |        -|      -|     509|      -|    -|
+-----------------+---------+-------+--------+-------+-----+
|Total            |        2|      0|    2779|   2360|    0|
+-----------------+---------+-------+--------+-------+-----+
|Available        |      280|    220|  106400|  53200|    0|
+-----------------+---------+-------+--------+-------+-----+
|Utilization (%)  |    ~0   |      0|       2|      4|    0|
+-----------------+---------+-------+--------+-------+-----+

+ Detail: 
    * Instance: 
    +----------------------------------------------------------------+-----------------------------------------------------+---------+-------+------+------+-----+
    |                            Instance                            |                        Module                       | BRAM_18K| DSP48E|  FF  |  LUT | URAM|
    +----------------------------------------------------------------+-----------------------------------------------------+---------+-------+------+------+-----+
    |grp_cnnshift_arr_ap_fixed_ap_fixed_16_4_5_3_0_config8_s_fu_288  |cnnshift_arr_ap_fixed_ap_fixed_16_4_5_3_0_config8_s  |        1|      0|  2206|  1533|    0|
    +----------------------------------------------------------------+-----------------------------------------------------+---------+-------+------+------+-----+
    |Total                                                           |                                                     |        1|      0|  2206|  1533|    0|
    +----------------------------------------------------------------+-----------------------------------------------------+---------+-------+------+------+-----+

    * DSP48E: 
    N/A

    * Memory: 
    +----------------+--------------------------------------------------------------+---------+----+----+-----+------+-----+------+-------------+
    |     Memory     |                            Module                            | BRAM_18K| FF | LUT| URAM| Words| Bits| Banks| W*Bits*Banks|
    +----------------+--------------------------------------------------------------+---------+----+----+-----+------+-----+------+-------------+
    |tmpdata_V_U     |conv_2d_cl_me_ap_fixed_ap_fixed_16_4_5_3_0_config5_s_tmpdhbi  |        0|  32|   8|    0|    32|   16|     1|          512|
    |layer_in_V_5_U  |pooling2d_large_cl_nopad_pad_me_ap_fixed_ap_fixed_config8QgW  |        1|   0|   0|    0|   128|   16|     1|         2048|
    |pool_V_U        |pooling2d_large_cl_nopad_pad_me_ap_fixed_ap_fixed_config8Shg  |        0|  32|   1|    0|     4|   16|     1|           64|
    +----------------+--------------------------------------------------------------+---------+----+----+-----+------+-----+------+-------------+
    |Total           |                                                              |        1|  64|   9|    0|   164|   48|     3|         2624|
    +----------------+--------------------------------------------------------------+---------+----+----+-----+------+-----+------+-------------+

    * FIFO: 
    N/A

    * Expression: 
    +------------------------+----------+-------+---+----+------------+------------+
    |      Variable Name     | Operation| DSP48E| FF| LUT| Bitwidth P0| Bitwidth P1|
    +------------------------+----------+-------+---+----+------------+------------+
    |add_ln508_fu_560_p2     |     +    |      0|  0|  15|           7|           7|
    |add_ln530_fu_507_p2     |     +    |      0|  0|  39|          32|           1|
    |add_ln532_fu_518_p2     |     +    |      0|  0|  39|          32|           1|
    |add_ln535_fu_467_p2     |     +    |      0|  0|  39|          32|           1|
    |add_ln537_fu_478_p2     |     +    |      0|  0|  39|          32|           1|
    |i0_fu_377_p2            |     +    |      0|  0|  15|           6|           1|
    |i1_fu_456_p2            |     +    |      0|  0|  15|           6|           1|
    |i2_fu_542_p2            |     +    |      0|  0|  12|           3|           1|
    |i_fu_585_p2             |     +    |      0|  0|  12|           3|           1|
    |i_ih_fu_365_p2          |     +    |      0|  0|  14|          10|           1|
    |and_ln498_1_fu_434_p2   |    and   |      0|  0|   2|           1|           1|
    |and_ln498_2_fu_440_p2   |    and   |      0|  0|   2|           1|           1|
    |and_ln498_fu_428_p2     |    and   |      0|  0|   2|           1|           1|
    |ap_block_state12        |    and   |      0|  0|   2|           1|           1|
    |ap_block_state3         |    and   |      0|  0|   2|           1|           1|
    |icmp_ln1494_fu_591_p2   |   icmp   |      0|  0|  13|          16|          16|
    |icmp_ln484_fu_359_p2    |   icmp   |      0|  0|  13|          10|           8|
    |icmp_ln489_fu_371_p2    |   icmp   |      0|  0|  11|           6|           7|
    |icmp_ln498_1_fu_402_p2  |   icmp   |      0|  0|  18|          32|           1|
    |icmp_ln498_2_fu_412_p2  |   icmp   |      0|  0|  18|          32|           1|
    |icmp_ln498_3_fu_422_p2  |   icmp   |      0|  0|  18|          32|           1|
    |icmp_ln498_fu_392_p2    |   icmp   |      0|  0|  18|          32|           1|
    |icmp_ln500_fu_450_p2    |   icmp   |      0|  0|  11|           6|           7|
    |icmp_ln506_fu_536_p2    |   icmp   |      0|  0|   9|           3|           4|
    |icmp_ln512_fu_574_p2    |   icmp   |      0|  0|   9|           3|           4|
    |icmp_ln522_fu_462_p2    |   icmp   |      0|  0|  18|          32|           5|
    |icmp_ln526_fu_502_p2    |   icmp   |      0|  0|  18|          32|           5|
    |ap_block_state1         |    or    |      0|  0|   2|           1|           1|
    |ap_condition_166        |    or    |      0|  0|   2|           1|           1|
    |ap_condition_177        |    or    |      0|  0|   2|           1|           1|
    |ap_condition_316        |    or    |      0|  0|   2|           1|           1|
    |ap_condition_715        |    or    |      0|  0|   2|           1|           1|
    |pool_res_V_1_fu_596_p3  |  select  |      0|  0|  16|           1|          16|
    |select_ln532_fu_523_p3  |  select  |      0|  0|  32|           1|           1|
    |select_ln537_fu_483_p3  |  select  |      0|  0|  32|           1|           1|
    +------------------------+----------+-------+---+----+------------+------------+
    |Total                   |          |      0|  0| 513|         412|         104|
    +------------------------+----------+-------+---+----+------------+------------+

    * Multiplexer: 
    +-----------------------+----+-----------+-----+-----------+
    |          Name         | LUT| Input Size| Bits| Total Bits|
    +-----------------------+----+-----------+-----+-----------+
    |ap_NS_fsm              |  89|         18|    1|         18|
    |ap_done                |   9|          2|    1|          2|
    |data_V_V_blk_n         |   9|          2|    1|          2|
    |i0_0_reg_220           |   9|          2|    6|         12|
    |i1_0_reg_232           |   9|          2|    6|         12|
    |i2_0_reg_243           |   9|          2|    3|          6|
    |i_0_reg_266            |   9|          2|    3|          6|
    |i_ih_0_reg_209         |   9|          2|   10|         20|
    |layer_in_V_5_address0  |  15|          3|    7|         21|
    |layer_in_V_5_ce0       |  15|          3|    1|          3|
    |layer_in_V_5_we0       |   9|          2|    1|          2|
    |pX                     |   9|          2|   32|         64|
    |pY                     |   9|          2|   32|         64|
    |pool_V_address0        |  21|          4|    2|          8|
    |real_start             |   9|          2|    1|          2|
    |res_V_V_blk_n          |   9|          2|    1|          2|
    |sX                     |   9|          2|   32|         64|
    |storemerge_reg_277     |   9|          2|   32|         64|
    |tmp_V_reg_255          |   9|          2|   16|         32|
    |tmpdata_V_address0     |  15|          3|    5|         15|
    |tmpdata_V_ce0          |  15|          3|    1|          3|
    +-----------------------+----+-----------+-----+-----------+
    |Total                  | 305|         64|  194|        422|
    +-----------------------+----+-----------+-----+-----------+

    * Register: 
    +-----------------------------------------------------------------------------+----+----+-----+-----------+
    |                                     Name                                    | FF | LUT| Bits| Const Bits|
    +-----------------------------------------------------------------------------+----+----+-----+-----------+
    |add_ln508_reg_714                                                            |   7|   0|    7|          0|
    |and_ln498_2_reg_672                                                          |   1|   0|    1|          0|
    |ap_CS_fsm                                                                    |  17|   0|   17|          0|
    |ap_done_reg                                                                  |   1|   0|    1|          0|
    |grp_cnnshift_arr_ap_fixed_ap_fixed_16_4_5_3_0_config8_s_fu_288_ap_start_reg  |   1|   0|    1|          0|
    |i0_0_reg_220                                                                 |   6|   0|    6|          0|
    |i0_reg_630                                                                   |   6|   0|    6|          0|
    |i1_0_reg_232                                                                 |   6|   0|    6|          0|
    |i1_reg_684                                                                   |   6|   0|    6|          0|
    |i2_0_reg_243                                                                 |   3|   0|    3|          0|
    |i2_reg_709                                                                   |   3|   0|    3|          0|
    |i_0_reg_266                                                                  |   3|   0|    3|          0|
    |i_ih_0_reg_209                                                               |  10|   0|   10|          0|
    |i_ih_reg_622                                                                 |  10|   0|   10|          0|
    |i_reg_742                                                                    |   3|   0|    3|          0|
    |icmp_ln498_1_reg_655                                                         |   1|   0|    1|          0|
    |icmp_ln498_reg_645                                                           |   1|   0|    1|          0|
    |icmp_ln522_reg_689                                                           |   1|   0|    1|          0|
    |layer_in_V_5_load_reg_724                                                    |  16|   0|   16|          0|
    |pX                                                                           |  32|   0|   32|          0|
    |pX_load_reg_666                                                              |  32|   0|   32|          0|
    |pY                                                                           |  32|   0|   32|          0|
    |pY_load_reg_660                                                              |  32|   0|   32|          0|
    |pool_V_load_reg_747                                                          |  16|   0|   16|          0|
    |sX                                                                           |  32|   0|   32|          0|
    |sX_load_reg_640                                                              |  32|   0|   32|          0|
    |sY                                                                           |  32|   0|   32|          0|
    |sY_load_reg_650                                                              |  32|   0|   32|          0|
    |select_ln532_reg_701                                                         |  32|   0|   32|          0|
    |select_ln537_reg_693                                                         |  32|   0|   32|          0|
    |start_once_reg                                                               |   1|   0|    1|          0|
    |storemerge_reg_277                                                           |  32|   0|   32|          0|
    |tmp_V_11_reg_635                                                             |  16|   0|   16|          0|
    |tmp_V_reg_255                                                                |  16|   0|   16|          0|
    |zext_ln500_reg_676                                                           |   6|   0|    7|          1|
    +-----------------------------------------------------------------------------+----+----+-----+-----------+
    |Total                                                                        | 509|   0|  510|          1|
    +-----------------------------------------------------------------------------+----+----+-----+-----------+



================================================================
== Interface
================================================================
* Summary: 
+------------------+-----+-----+------------+------------------------------------------------------------+--------------+
|     RTL Ports    | Dir | Bits|  Protocol  |                        Source Object                       |    C Type    |
+------------------+-----+-----+------------+------------------------------------------------------------+--------------+
|ap_clk            |  in |    1| ap_ctrl_hs | pooling2d_large_cl_nopad_pad_me<ap_fixed,ap_fixed,config8> | return value |
|ap_rst            |  in |    1| ap_ctrl_hs | pooling2d_large_cl_nopad_pad_me<ap_fixed,ap_fixed,config8> | return value |
|ap_start          |  in |    1| ap_ctrl_hs | pooling2d_large_cl_nopad_pad_me<ap_fixed,ap_fixed,config8> | return value |
|start_full_n      |  in |    1| ap_ctrl_hs | pooling2d_large_cl_nopad_pad_me<ap_fixed,ap_fixed,config8> | return value |
|ap_done           | out |    1| ap_ctrl_hs | pooling2d_large_cl_nopad_pad_me<ap_fixed,ap_fixed,config8> | return value |
|ap_continue       |  in |    1| ap_ctrl_hs | pooling2d_large_cl_nopad_pad_me<ap_fixed,ap_fixed,config8> | return value |
|ap_idle           | out |    1| ap_ctrl_hs | pooling2d_large_cl_nopad_pad_me<ap_fixed,ap_fixed,config8> | return value |
|ap_ready          | out |    1| ap_ctrl_hs | pooling2d_large_cl_nopad_pad_me<ap_fixed,ap_fixed,config8> | return value |
|start_out         | out |    1| ap_ctrl_hs | pooling2d_large_cl_nopad_pad_me<ap_fixed,ap_fixed,config8> | return value |
|start_write       | out |    1| ap_ctrl_hs | pooling2d_large_cl_nopad_pad_me<ap_fixed,ap_fixed,config8> | return value |
|data_V_V_dout     |  in |   16|   ap_fifo  |                          data_V_V                          |    pointer   |
|data_V_V_empty_n  |  in |    1|   ap_fifo  |                          data_V_V                          |    pointer   |
|data_V_V_read     | out |    1|   ap_fifo  |                          data_V_V                          |    pointer   |
|res_V_V_din       | out |   16|   ap_fifo  |                           res_V_V                          |    pointer   |
|res_V_V_full_n    |  in |    1|   ap_fifo  |                           res_V_V                          |    pointer   |
|res_V_V_write     | out |    1|   ap_fifo  |                           res_V_V                          |    pointer   |
+------------------+-----+-----+------------+------------------------------------------------------------+--------------+

