

================================================================
== Vivado HLS Report for 'sigmoid_me_ap_fixed_ap_fixed_sigmoid_config19_s'
================================================================
* Date:           Wed Aug 10 16:30:33 2022

* Version:        2019.2 (Build 2704478 on Wed Nov 06 22:10:23 MST 2019)
* Project:        myproject_prj
* Solution:       solution1
* Product family: zynq
* Target device:  xc7z020-clg400-1


================================================================
== Performance Estimates
================================================================
+ Timing: 
    * Summary: 
    +--------+---------+----------+------------+
    |  Clock |  Target | Estimated| Uncertainty|
    +--------+---------+----------+------------+
    |ap_clk  | 5.00 ns | 4.178 ns |   0.62 ns  |
    +--------+---------+----------+------------+

+ Latency: 
    * Summary: 
    +---------+---------+----------+----------+-----+-----+---------+
    |  Latency (cycles) |  Latency (absolute) |  Interval | Pipeline|
    |   min   |   max   |    min   |    max   | min | max |   Type  |
    +---------+---------+----------+----------+-----+-----+---------+
    |       31|       31| 0.155 us | 0.155 us |   31|   31|   none  |
    +---------+---------+----------+----------+-----+-----+---------+

    + Detail: 
        * Instance: 
        N/A

        * Loop: 
        +------------------+---------+---------+----------+-----------+-----------+------+----------+
        |                  |  Latency (cycles) | Iteration|  Initiation Interval  | Trip |          |
        |     Loop Name    |   min   |   max   |  Latency |  achieved |   target  | Count| Pipelined|
        +------------------+---------+---------+----------+-----------+-----------+------+----------+
        |- SigmoidActLoop  |       30|       30|         6|          -|          -|     5|    no    |
        +------------------+---------+---------+----------+-----------+-----------+------+----------+



================================================================
== Utilization Estimates
================================================================
* Summary: 
+-----------------+---------+-------+--------+-------+-----+
|       Name      | BRAM_18K| DSP48E|   FF   |  LUT  | URAM|
+-----------------+---------+-------+--------+-------+-----+
|DSP              |        -|      -|       -|      -|    -|
|Expression       |        -|      -|       0|    125|    -|
|FIFO             |        -|      -|       -|      -|    -|
|Instance         |        -|      -|       -|      -|    -|
|Memory           |        1|      -|       0|      0|    -|
|Multiplexer      |        -|      -|       -|     77|    -|
|Register         |        -|      -|      84|      -|    -|
+-----------------+---------+-------+--------+-------+-----+
|Total            |        1|      0|      84|    202|    0|
+-----------------+---------+-------+--------+-------+-----+
|Available        |      280|    220|  106400|  53200|    0|
+-----------------+---------+-------+--------+-------+-----+
|Utilization (%)  |    ~0   |      0|   ~0   |   ~0  |    0|
+-----------------+---------+-------+--------+-------+-----+

+ Detail: 
    * Instance: 
    N/A

    * DSP48E: 
    N/A

    * Memory: 
    +------------------+--------------------------------------------------------------+---------+---+----+-----+------+-----+------+-------------+
    |      Memory      |                            Module                            | BRAM_18K| FF| LUT| URAM| Words| Bits| Banks| W*Bits*Banks|
    +------------------+--------------------------------------------------------------+---------+---+----+-----+------+-----+------+-------------+
    |sigmoid_table1_U  |sigmoid_me_ap_fixed_ap_fixed_sigmoid_config19_s_sigmoid_tb4t  |        1|  0|   0|    0|  1024|   10|     1|        10240|
    +------------------+--------------------------------------------------------------+---------+---+----+-----+------+-----+------+-------------+
    |Total             |                                                              |        1|  0|   0|    0|  1024|   10|     1|        10240|
    +------------------+--------------------------------------------------------------+---------+---+----+-----+------+-----+------+-------------+

    * FIFO: 
    N/A

    * Expression: 
    +------------------------+----------+-------+---+----+------------+------------+
    |      Variable Name     | Operation| DSP48E| FF| LUT| Bitwidth P0| Bitwidth P1|
    +------------------------+----------+-------+---+----+------------+------------+
    |i_fu_115_p2             |     +    |      0|  0|  12|           3|           1|
    |index_fu_186_p2         |     +    |      0|  0|  13|          10|          11|
    |ret_V_fu_165_p2         |     +    |      0|  0|  13|           1|          11|
    |ap_block_state2         |    and   |      0|  0|   2|           1|           1|
    |icmp_ln148_fu_109_p2    |   icmp   |      0|  0|   9|           3|           3|
    |icmp_ln851_fu_143_p2    |   icmp   |      0|  0|  13|          12|           1|
    |p_Result_s_fu_159_p2    |   icmp   |      0|  0|  18|          26|           5|
    |ap_block_state1         |    or    |      0|  0|   2|           1|           1|
    |select_ln160_fu_206_p3  |  select  |      0|  0|  10|           1|           2|
    |select_ln850_fu_176_p3  |  select  |      0|  0|  11|           1|          11|
    |select_ln851_fu_171_p3  |  select  |      0|  0|  11|           1|          11|
    |xor_ln158_fu_192_p2     |    xor   |      0|  0|  11|          10|          11|
    +------------------------+----------+-------+---+----+------------+------------+
    |Total                   |          |      0|  0| 125|          70|          69|
    +------------------------+----------+-------+---+----+------------+------------+

    * Multiplexer: 
    +----------------+----+-----------+-----+-----------+
    |      Name      | LUT| Input Size| Bits| Total Bits|
    +----------------+----+-----------+-----+-----------+
    |ap_NS_fsm       |  41|          8|    1|          8|
    |ap_done         |   9|          2|    1|          2|
    |data_V_V_blk_n  |   9|          2|    1|          2|
    |i_0_reg_98      |   9|          2|    3|          6|
    |res_V_V_blk_n   |   9|          2|    1|          2|
    +----------------+----+-----------+-----+-----------+
    |Total           |  77|         16|    7|         20|
    +----------------+----+-----------+-----+-----------+

    * Register: 
    +----------------------+----+----+-----+-----------+
    |         Name         | FF | LUT| Bits| Const Bits|
    +----------------------+----+----+-----+-----------+
    |ap_CS_fsm             |   7|   0|    7|          0|
    |ap_done_reg           |   1|   0|    1|          0|
    |i_0_reg_98            |   3|   0|    3|          0|
    |i_reg_233             |   3|   0|    3|          0|
    |icmp_ln851_reg_248    |   1|   0|    1|          0|
    |p_Result_s_reg_259    |   1|   0|    1|          0|
    |p_Val2_s_reg_279      |  10|   0|   10|          0|
    |ret_V_reg_264         |  11|   0|   11|          0|
    |select_ln160_reg_269  |  10|   0|   10|          0|
    |sext_ln835_reg_253    |  11|   0|   11|          0|
    |tmp_V_reg_238         |  16|   0|   16|          0|
    |tmp_reg_243           |  10|   0|   10|          0|
    +----------------------+----+----+-----+-----------+
    |Total                 |  84|   0|   84|          0|
    +----------------------+----+----+-----+-----------+



================================================================
== Interface
================================================================
* Summary: 
+------------------+-----+-----+------------+------------------------------------------------+--------------+
|     RTL Ports    | Dir | Bits|  Protocol  |                  Source Object                 |    C Type    |
+------------------+-----+-----+------------+------------------------------------------------+--------------+
|ap_clk            |  in |    1| ap_ctrl_hs | sigmoid_me<ap_fixed,ap_fixed,sigmoid_config19> | return value |
|ap_rst            |  in |    1| ap_ctrl_hs | sigmoid_me<ap_fixed,ap_fixed,sigmoid_config19> | return value |
|ap_start          |  in |    1| ap_ctrl_hs | sigmoid_me<ap_fixed,ap_fixed,sigmoid_config19> | return value |
|ap_done           | out |    1| ap_ctrl_hs | sigmoid_me<ap_fixed,ap_fixed,sigmoid_config19> | return value |
|ap_continue       |  in |    1| ap_ctrl_hs | sigmoid_me<ap_fixed,ap_fixed,sigmoid_config19> | return value |
|ap_idle           | out |    1| ap_ctrl_hs | sigmoid_me<ap_fixed,ap_fixed,sigmoid_config19> | return value |
|ap_ready          | out |    1| ap_ctrl_hs | sigmoid_me<ap_fixed,ap_fixed,sigmoid_config19> | return value |
|data_V_V_dout     |  in |   16|   ap_fifo  |                    data_V_V                    |    pointer   |
|data_V_V_empty_n  |  in |    1|   ap_fifo  |                    data_V_V                    |    pointer   |
|data_V_V_read     | out |    1|   ap_fifo  |                    data_V_V                    |    pointer   |
|res_V_V_din       | out |   16|   ap_fifo  |                     res_V_V                    |    pointer   |
|res_V_V_full_n    |  in |    1|   ap_fifo  |                     res_V_V                    |    pointer   |
|res_V_V_write     | out |    1|   ap_fifo  |                     res_V_V                    |    pointer   |
+------------------+-----+-----+------------+------------------------------------------------+--------------+

