

================================================================
== Vivado HLS Report for 'zeropad2d_cl_me_ap_fixed_ap_fixed_config20_s'
================================================================
* Date:           Wed Aug 10 16:30:15 2022

* Version:        2019.2 (Build 2704478 on Wed Nov 06 22:10:23 MST 2019)
* Project:        myproject_prj
* Solution:       solution1
* Product family: zynq
* Target device:  xc7z020-clg400-1


================================================================
== Performance Estimates
================================================================
+ Timing: 
    * Summary: 
    +--------+---------+----------+------------+
    |  Clock |  Target | Estimated| Uncertainty|
    +--------+---------+----------+------------+
    |ap_clk  | 5.00 ns | 4.375 ns |   0.62 ns  |
    +--------+---------+----------+------------+

+ Latency: 
    * Summary: 
    +---------+---------+-----------+-----------+------+------+---------+
    |  Latency (cycles) |   Latency (absolute)  |   Interval  | Pipeline|
    |   min   |   max   |    min    |    max    |  min |  max |   Type  |
    +---------+---------+-----------+-----------+------+------+---------+
    |     5783|     5783| 28.915 us | 28.915 us |  5783|  5783|   none  |
    +---------+---------+-----------+-----------+------+------+---------+

    + Detail: 
        * Instance: 
        N/A

        * Loop: 
        +---------------------+---------+---------+----------+-----------+-----------+------+----------+
        |                     |  Latency (cycles) | Iteration|  Initiation Interval  | Trip |          |
        |      Loop Name      |   min   |   max   |  Latency |  achieved |   target  | Count| Pipelined|
        +---------------------+---------+---------+----------+-----------+-----------+------+----------+
        |- PadTopWidth        |      170|      170|         5|          -|          -|    34|    no    |
        | + PadTopWidth.1     |        3|        3|         1|          -|          -|     3|    no    |
        |- PadMain            |     5440|     5440|       170|          -|          -|    32|    no    |
        | + PadMain.1         |        3|        3|         1|          -|          -|     3|    no    |
        | + CopyMain          |      160|      160|         5|          -|          -|    32|    no    |
        |  ++ CopyMain.1      |        3|        3|         1|          -|          -|     3|    no    |
        | + PadMain.3         |        3|        3|         1|          -|          -|     3|    no    |
        |- PadBottomWidth     |      170|      170|         5|          -|          -|    34|    no    |
        | + PadBottomWidth.1  |        3|        3|         1|          -|          -|     3|    no    |
        +---------------------+---------+---------+----------+-----------+-----------+------+----------+



================================================================
== Utilization Estimates
================================================================
* Summary: 
+-----------------+---------+-------+--------+-------+-----+
|       Name      | BRAM_18K| DSP48E|   FF   |  LUT  | URAM|
+-----------------+---------+-------+--------+-------+-----+
|DSP              |        -|      -|       -|      -|    -|
|Expression       |        -|      -|       0|    206|    -|
|FIFO             |        -|      -|       -|      -|    -|
|Instance         |        -|      -|       -|      -|    -|
|Memory           |        -|      -|       -|      -|    -|
|Multiplexer      |        -|      -|       -|    182|    -|
|Register         |        -|      -|      70|      -|    -|
+-----------------+---------+-------+--------+-------+-----+
|Total            |        0|      0|      70|    388|    0|
+-----------------+---------+-------+--------+-------+-----+
|Available        |      280|    220|  106400|  53200|    0|
+-----------------+---------+-------+--------+-------+-----+
|Utilization (%)  |        0|      0|   ~0   |   ~0  |    0|
+-----------------+---------+-------+--------+-------+-----+

+ Detail: 
    * Instance: 
    N/A

    * DSP48E: 
    N/A

    * Memory: 
    N/A

    * FIFO: 
    N/A

    * Expression: 
    +-----------------------+----------+-------+---+----+------------+------------+
    |     Variable Name     | Operation| DSP48E| FF| LUT| Bitwidth P0| Bitwidth P1|
    +-----------------------+----------+-------+---+----+------------+------------+
    |c_5_fu_222_p2          |     +    |      0|  0|  10|           2|           1|
    |c_6_fu_282_p2          |     +    |      0|  0|  10|           2|           1|
    |c_7_fu_258_p2          |     +    |      0|  0|  10|           2|           1|
    |c_8_fu_246_p2          |     +    |      0|  0|  10|           2|           1|
    |c_fu_198_p2            |     +    |      0|  0|  10|           2|           1|
    |i_fu_210_p2            |     +    |      0|  0|  15|           6|           1|
    |j_3_fu_270_p2          |     +    |      0|  0|  15|           6|           1|
    |j_4_fu_234_p2          |     +    |      0|  0|  15|           6|           1|
    |j_fu_186_p2            |     +    |      0|  0|  15|           6|           1|
    |ap_block_state10       |    and   |      0|  0|   2|           1|           1|
    |ap_block_state3        |    and   |      0|  0|   2|           1|           1|
    |ap_block_state5        |    and   |      0|  0|   2|           1|           1|
    |ap_block_state8        |    and   |      0|  0|   2|           1|           1|
    |icmp_ln112_fu_180_p2   |   icmp   |      0|  0|  11|           6|           6|
    |icmp_ln117_fu_204_p2   |   icmp   |      0|  0|  11|           6|           7|
    |icmp_ln121_fu_228_p2   |   icmp   |      0|  0|  11|           6|           7|
    |icmp_ln130_fu_264_p2   |   icmp   |      0|  0|  11|           6|           6|
    |icmp_ln23_4_fu_216_p2  |   icmp   |      0|  0|   8|           2|           2|
    |icmp_ln23_5_fu_276_p2  |   icmp   |      0|  0|   8|           2|           2|
    |icmp_ln23_6_fu_252_p2  |   icmp   |      0|  0|   8|           2|           2|
    |icmp_ln23_fu_192_p2    |   icmp   |      0|  0|   8|           2|           2|
    |icmp_ln47_fu_240_p2    |   icmp   |      0|  0|   8|           2|           2|
    |ap_block_state1        |    or    |      0|  0|   2|           1|           1|
    |ap_block_state7        |    or    |      0|  0|   2|           1|           1|
    +-----------------------+----------+-------+---+----+------------+------------+
    |Total                  |          |      0|  0| 206|          74|          51|
    +-----------------------+----------+-------+---+----+------------+------------+

    * Multiplexer: 
    +-----------------+----+-----------+-----+-----------+
    |       Name      | LUT| Input Size| Bits| Total Bits|
    +-----------------+----+-----------+-----+-----------+
    |ap_NS_fsm        |  50|         11|    1|         11|
    |ap_done          |   9|          2|    1|          2|
    |c_0_i22_reg_147  |   9|          2|    2|          4|
    |c_0_i26_reg_114  |   9|          2|    2|          4|
    |c_0_i30_reg_92   |   9|          2|    2|          4|
    |c_0_i34_reg_136  |   9|          2|    2|          4|
    |c_0_i_reg_169    |   9|          2|    2|          4|
    |data_V_V_blk_n   |   9|          2|    1|          2|
    |i1_0_reg_103     |   9|          2|    6|         12|
    |j3_0_reg_125     |   9|          2|    6|         12|
    |j6_0_reg_158     |   9|          2|    6|         12|
    |j_0_reg_81       |   9|          2|    6|         12|
    |real_start       |   9|          2|    1|          2|
    |res_V_V_blk_n    |   9|          2|    1|          2|
    |res_V_V_din      |  15|          3|   16|         48|
    +-----------------+----+-----------+-----+-----------+
    |Total            | 182|         40|   55|        135|
    +-----------------+----+-----------+-----+-----------+

    * Register: 
    +-----------------+----+----+-----+-----------+
    |       Name      | FF | LUT| Bits| Const Bits|
    +-----------------+----+----+-----+-----------+
    |ap_CS_fsm        |  10|   0|   10|          0|
    |ap_done_reg      |   1|   0|    1|          0|
    |c_0_i22_reg_147  |   2|   0|    2|          0|
    |c_0_i26_reg_114  |   2|   0|    2|          0|
    |c_0_i30_reg_92   |   2|   0|    2|          0|
    |c_0_i34_reg_136  |   2|   0|    2|          0|
    |c_0_i_reg_169    |   2|   0|    2|          0|
    |i1_0_reg_103     |   6|   0|    6|          0|
    |i_reg_307        |   6|   0|    6|          0|
    |j3_0_reg_125     |   6|   0|    6|          0|
    |j6_0_reg_158     |   6|   0|    6|          0|
    |j_0_reg_81       |   6|   0|    6|          0|
    |j_3_reg_347      |   6|   0|    6|          0|
    |j_4_reg_323      |   6|   0|    6|          0|
    |j_reg_291        |   6|   0|    6|          0|
    |start_once_reg   |   1|   0|    1|          0|
    +-----------------+----+----+-----+-----------+
    |Total            |  70|   0|   70|          0|
    +-----------------+----+----+-----+-----------+



================================================================
== Interface
================================================================
* Summary: 
+------------------+-----+-----+------------+---------------------------------------------+--------------+
|     RTL Ports    | Dir | Bits|  Protocol  |                Source Object                |    C Type    |
+------------------+-----+-----+------------+---------------------------------------------+--------------+
|ap_clk            |  in |    1| ap_ctrl_hs | zeropad2d_cl_me<ap_fixed,ap_fixed,config20> | return value |
|ap_rst            |  in |    1| ap_ctrl_hs | zeropad2d_cl_me<ap_fixed,ap_fixed,config20> | return value |
|ap_start          |  in |    1| ap_ctrl_hs | zeropad2d_cl_me<ap_fixed,ap_fixed,config20> | return value |
|start_full_n      |  in |    1| ap_ctrl_hs | zeropad2d_cl_me<ap_fixed,ap_fixed,config20> | return value |
|ap_done           | out |    1| ap_ctrl_hs | zeropad2d_cl_me<ap_fixed,ap_fixed,config20> | return value |
|ap_continue       |  in |    1| ap_ctrl_hs | zeropad2d_cl_me<ap_fixed,ap_fixed,config20> | return value |
|ap_idle           | out |    1| ap_ctrl_hs | zeropad2d_cl_me<ap_fixed,ap_fixed,config20> | return value |
|ap_ready          | out |    1| ap_ctrl_hs | zeropad2d_cl_me<ap_fixed,ap_fixed,config20> | return value |
|start_out         | out |    1| ap_ctrl_hs | zeropad2d_cl_me<ap_fixed,ap_fixed,config20> | return value |
|start_write       | out |    1| ap_ctrl_hs | zeropad2d_cl_me<ap_fixed,ap_fixed,config20> | return value |
|data_V_V_dout     |  in |   16|   ap_fifo  |                   data_V_V                  |    pointer   |
|data_V_V_empty_n  |  in |    1|   ap_fifo  |                   data_V_V                  |    pointer   |
|data_V_V_read     | out |    1|   ap_fifo  |                   data_V_V                  |    pointer   |
|res_V_V_din       | out |   16|   ap_fifo  |                   res_V_V                   |    pointer   |
|res_V_V_full_n    |  in |    1|   ap_fifo  |                   res_V_V                   |    pointer   |
|res_V_V_write     | out |    1|   ap_fifo  |                   res_V_V                   |    pointer   |
+------------------+-----+-----+------------+---------------------------------------------+--------------+

