

================================================================
== Vivado HLS Report for 'dense_ss_ap_fixed_ap_fixed_16_4_5_3_0_config17_s'
================================================================
* Date:           Wed Aug 10 16:30:08 2022

* Version:        2019.2 (Build 2704478 on Wed Nov 06 22:10:23 MST 2019)
* Project:        myproject_prj
* Solution:       solution1
* Product family: zynq
* Target device:  xc7z020-clg400-1


================================================================
== Performance Estimates
================================================================
+ Timing: 
    * Summary: 
    +--------+---------+----------+------------+
    |  Clock |  Target | Estimated| Uncertainty|
    +--------+---------+----------+------------+
    |ap_clk  | 5.00 ns | 3.890 ns |   0.62 ns  |
    +--------+---------+----------+------------+

+ Latency: 
    * Summary: 
    +---------+---------+-----------+-----------+------+------+---------+
    |  Latency (cycles) |   Latency (absolute)  |   Interval  | Pipeline|
    |   min   |   max   |    min    |    max    |  min |  max |   Type  |
    +---------+---------+-----------+-----------+------+------+---------+
    |     2314|     2314| 11.570 us | 11.570 us |  2314|  2314|   none  |
    +---------+---------+-----------+-----------+------+------+---------+

    + Detail: 
        * Instance: 
        N/A

        * Loop: 
        +----------+---------+---------+----------+-----------+-----------+------+----------+
        |          |  Latency (cycles) | Iteration|  Initiation Interval  | Trip |          |
        | Loop Name|   min   |   max   |  Latency |  achieved |   target  | Count| Pipelined|
        +----------+---------+---------+----------+-----------+-----------+------+----------+
        |- Loop 1  |     2308|     2308|         6|          1|          1|  2304|    yes   |
        +----------+---------+---------+----------+-----------+-----------+------+----------+

============================================================
+ Verbose Summary: Synthesis Manager
============================================================
InlineROM: 1
ExposeGlobal: 0
============================================================
+ Verbose Summary: CDFG Model
============================================================
IsTopModel: 0
ResetActiveHigh: 1
IsCombinational: 2
IsDatapathOnly: 0
HasWiredReturn: 1
HasMFsm: 0
HasVarLatency: 1
IsPipeline: 0
IsRtlPipelined: 0
IsInstanceOverlapped: 0
IsDontTouch: 0
HasImplIP: 0
IsGatedGlobalClock: 0

+ Individual pipeline summary: 
  * Pipeline-0: initiation interval (II) = 1, depth = 6


============================================================
+ Verbose Summary: Schedule
============================================================
* Number of FSM states : 12
* Pipeline : 1
  Pipeline-0 : II = 1, D = 6, States = { 2 3 4 5 6 7 }
* Dataflow Pipeline: 0

* FSM state transitions: 
1 --> 2 
2 --> 8 3 
3 --> 4 
4 --> 5 
5 --> 6 
6 --> 7 
7 --> 2 
8 --> 9 
9 --> 10 
10 --> 11 
11 --> 12 
12 --> 

* FSM state operations: 

State 1 <SV = 0> <Delay = 1.76>
ST_1 : Operation 13 [1/1] (0.00ns)   --->   "call void (...)* @_ssdm_op_SpecInterface(i16* %res_V_V, [8 x i8]* @ap_fifo_str, i32 0, i32 0, [1 x i8]* @p_str, i32 0, i32 0, [1 x i8]* @p_str, [1 x i8]* @p_str, [1 x i8]* @p_str, i32 2, i32 2, i32 16, i32 16, [1 x i8]* @p_str, [1 x i8]* @p_str)"   --->   Operation 13 'specinterface' <Predicate = true> <Delay = 0.00>
ST_1 : Operation 14 [1/1] (0.00ns)   --->   "call void (...)* @_ssdm_op_SpecInterface(i16* %data_V_V, [8 x i8]* @ap_fifo_str, i32 0, i32 0, [1 x i8]* @p_str, i32 0, i32 0, [1 x i8]* @p_str, [1 x i8]* @p_str, [1 x i8]* @p_str, i32 2, i32 2, i32 16, i32 16, [1 x i8]* @p_str, [1 x i8]* @p_str)"   --->   Operation 14 'specinterface' <Predicate = true> <Delay = 0.00>
ST_1 : Operation 15 [1/1] (1.76ns)   --->   "br label %1" [firmware/nnet_utils/nnet_dense_resource.h:442]   --->   Operation 15 'br' <Predicate = true> <Delay = 1.76>

State 2 <SV = 1> <Delay = 3.25>
ST_2 : Operation 16 [1/1] (0.00ns)   --->   "%tmp_V_16 = phi i16 [ -323, %0 ], [ %add_ln703_4, %hls_label_29 ]" [firmware/nnet_utils/nnet_dense_resource.h:450]   --->   Operation 16 'phi' 'tmp_V_16' <Predicate = true> <Delay = 0.00>
ST_2 : Operation 17 [1/1] (0.00ns)   --->   "%tmp_V_15 = phi i16 [ -799, %0 ], [ %add_ln703_3, %hls_label_29 ]" [firmware/nnet_utils/nnet_dense_resource.h:450]   --->   Operation 17 'phi' 'tmp_V_15' <Predicate = true> <Delay = 0.00>
ST_2 : Operation 18 [1/1] (0.00ns)   --->   "%tmp_V_14 = phi i16 [ -106, %0 ], [ %add_ln703_2, %hls_label_29 ]" [firmware/nnet_utils/nnet_dense_resource.h:450]   --->   Operation 18 'phi' 'tmp_V_14' <Predicate = true> <Delay = 0.00>
ST_2 : Operation 19 [1/1] (0.00ns)   --->   "%tmp_V_13 = phi i16 [ 40, %0 ], [ %add_ln703_1, %hls_label_29 ]" [firmware/nnet_utils/nnet_dense_resource.h:450]   --->   Operation 19 'phi' 'tmp_V_13' <Predicate = true> <Delay = 0.00>
ST_2 : Operation 20 [1/1] (0.00ns)   --->   "%tmp_V = phi i16 [ -666, %0 ], [ %add_ln703, %hls_label_29 ]" [firmware/nnet_utils/nnet_dense_resource.h:450]   --->   Operation 20 'phi' 'tmp_V' <Predicate = true> <Delay = 0.00>
ST_2 : Operation 21 [1/1] (0.00ns)   --->   "%i_in_0 = phi i12 [ 0, %0 ], [ %i_in, %hls_label_29 ]"   --->   Operation 21 'phi' 'i_in_0' <Predicate = true> <Delay = 0.00>
ST_2 : Operation 22 [1/1] (1.99ns)   --->   "%icmp_ln442 = icmp eq i12 %i_in_0, -1792" [firmware/nnet_utils/nnet_dense_resource.h:442]   --->   Operation 22 'icmp' 'icmp_ln442' <Predicate = true> <Delay = 1.99> <Core = "Cmp">   --->   Core 25 'Cmp' <Latency = 0> <II = 1> <Delay = 1.99> <FuncUnit> <Opcode : 'icmp'> <InPorts = 2> <OutPorts = 1>
ST_2 : Operation 23 [1/1] (0.00ns)   --->   "%empty = call i32 (...)* @_ssdm_op_SpecLoopTripCount(i64 2304, i64 2304, i64 2304)"   --->   Operation 23 'speclooptripcount' 'empty' <Predicate = true> <Delay = 0.00>
ST_2 : Operation 24 [1/1] (1.54ns)   --->   "%i_in = add i12 %i_in_0, 1" [firmware/nnet_utils/nnet_dense_resource.h:442]   --->   Operation 24 'add' 'i_in' <Predicate = true> <Delay = 1.54> <Core = "AddSub">   --->   Core 14 'AddSub' <Latency = 0> <II = 1> <Delay = 2.07> <FuncUnit> <Opcode : 'add' 'sub'> <InPorts = 2> <OutPorts = 1>
ST_2 : Operation 25 [1/1] (0.00ns)   --->   "br i1 %icmp_ln442, label %2, label %hls_label_29" [firmware/nnet_utils/nnet_dense_resource.h:442]   --->   Operation 25 'br' <Predicate = true> <Delay = 0.00>
ST_2 : Operation 26 [1/1] (0.00ns)   --->   "%zext_ln450 = zext i12 %i_in_0 to i64" [firmware/nnet_utils/nnet_dense_resource.h:450]   --->   Operation 26 'zext' 'zext_ln450' <Predicate = (!icmp_ln442)> <Delay = 0.00>
ST_2 : Operation 27 [1/1] (0.00ns)   --->   "%w17_V_addr = getelementptr [2304 x i29]* @w17_V, i64 0, i64 %zext_ln450" [firmware/nnet_utils/nnet_dense_resource.h:450]   --->   Operation 27 'getelementptr' 'w17_V_addr' <Predicate = (!icmp_ln442)> <Delay = 0.00>
ST_2 : Operation 28 [2/2] (3.25ns)   --->   "%w17_V_load = load i29* %w17_V_addr, align 4" [firmware/nnet_utils/nnet_dense_resource.h:450]   --->   Operation 28 'load' 'w17_V_load' <Predicate = (!icmp_ln442)> <Delay = 3.25> <Core = "ROM_nP">   --->   Core 52 'ROM_nP' <Latency = 1> <II = 1> <Delay = 3.25> <Storage> <Opcode : 'load'> <Ports = 0> <Width = 29> <Depth = 2304> <ROM>

State 3 <SV = 2> <Delay = 3.25>
ST_3 : Operation 29 [1/1] (2.18ns)   --->   "%tmp_V_17 = call i16 @_ssdm_op_Read.ap_fifo.volatile.i16P(i16* %data_V_V)" [firmware/nnet_utils/nnet_dense_resource.h:444]   --->   Operation 29 'read' 'tmp_V_17' <Predicate = (!icmp_ln442)> <Delay = 2.18> <Core = "FIFO">   --->   Core 32 'FIFO' <Latency = 0> <II = 1> <Delay = 3.61> <Storage> <Opcode : 'read' 'write' 'nbread' 'nbwrite'> <Ports = 0> <Width = 16> <Depth = 5> <FIFO>
ST_3 : Operation 30 [1/2] (3.25ns)   --->   "%w17_V_load = load i29* %w17_V_addr, align 4" [firmware/nnet_utils/nnet_dense_resource.h:450]   --->   Operation 30 'load' 'w17_V_load' <Predicate = (!icmp_ln442)> <Delay = 3.25> <Core = "ROM_nP">   --->   Core 52 'ROM_nP' <Latency = 1> <II = 1> <Delay = 3.25> <Storage> <Opcode : 'load'> <Ports = 0> <Width = 29> <Depth = 2304> <ROM>
ST_3 : Operation 31 [1/1] (0.00ns)   --->   "%trunc_ln450 = trunc i29 %w17_V_load to i6" [firmware/nnet_utils/nnet_dense_resource.h:450]   --->   Operation 31 'trunc' 'trunc_ln450' <Predicate = (!icmp_ln442)> <Delay = 0.00>
ST_3 : Operation 32 [1/1] (0.00ns)   --->   "%tmp_5 = call i6 @_ssdm_op_PartSelect.i6.i29.i32.i32(i29 %w17_V_load, i32 6, i32 11)" [firmware/nnet_utils/nnet_dense_resource.h:450]   --->   Operation 32 'partselect' 'tmp_5' <Predicate = (!icmp_ln442)> <Delay = 0.00>
ST_3 : Operation 33 [1/1] (0.00ns)   --->   "%tmp_6 = call i6 @_ssdm_op_PartSelect.i6.i29.i32.i32(i29 %w17_V_load, i32 12, i32 17)" [firmware/nnet_utils/nnet_dense_resource.h:450]   --->   Operation 33 'partselect' 'tmp_6' <Predicate = (!icmp_ln442)> <Delay = 0.00>
ST_3 : Operation 34 [1/1] (0.00ns)   --->   "%tmp_7 = call i6 @_ssdm_op_PartSelect.i6.i29.i32.i32(i29 %w17_V_load, i32 18, i32 23)" [firmware/nnet_utils/nnet_dense_resource.h:450]   --->   Operation 34 'partselect' 'tmp_7' <Predicate = (!icmp_ln442)> <Delay = 0.00>
ST_3 : Operation 35 [1/1] (0.00ns)   --->   "%tmp_1 = call i5 @_ssdm_op_PartSelect.i5.i29.i32.i32(i29 %w17_V_load, i32 24, i32 28)" [firmware/nnet_utils/nnet_dense_resource.h:450]   --->   Operation 35 'partselect' 'tmp_1' <Predicate = (!icmp_ln442)> <Delay = 0.00>

State 4 <SV = 3> <Delay = 3.89>
ST_4 : Operation 36 [1/1] (0.00ns)   --->   "%sext_ln1116_cast = sext i16 %tmp_V_17 to i21" [firmware/nnet_utils/nnet_dense_resource.h:444]   --->   Operation 36 'sext' 'sext_ln1116_cast' <Predicate = (!icmp_ln442)> <Delay = 0.00>
ST_4 : Operation 37 [1/1] (0.00ns)   --->   "%sext_ln1118 = sext i6 %trunc_ln450 to i21" [firmware/nnet_utils/nnet_dense_resource.h:291->firmware/nnet_utils/nnet_dense_resource.h:450]   --->   Operation 37 'sext' 'sext_ln1118' <Predicate = (!icmp_ln442)> <Delay = 0.00>
ST_4 : Operation 38 [3/3] (3.89ns) (root node of the DSP)   --->   "%mul_ln1118 = mul i21 %sext_ln1118, %sext_ln1116_cast" [firmware/nnet_utils/nnet_dense_resource.h:291->firmware/nnet_utils/nnet_dense_resource.h:450]   --->   Operation 38 'mul' 'mul_ln1118' <Predicate = (!icmp_ln442)> <Delay = 3.89> <Core = "DSP48">   --->   Core 88 'DSP48' <Latency = 2> <II = 1> <Delay = 3.89> <IPBlock> <Opcode : 'mul' 'add' 'sub' 'select'> <InPorts = 0> <OutPorts = 1> <Sync> <CReg>
ST_4 : Operation 39 [1/1] (0.00ns)   --->   "%sext_ln1118_1 = sext i6 %tmp_5 to i21" [firmware/nnet_utils/nnet_dense_resource.h:291->firmware/nnet_utils/nnet_dense_resource.h:450]   --->   Operation 39 'sext' 'sext_ln1118_1' <Predicate = (!icmp_ln442)> <Delay = 0.00>
ST_4 : Operation 40 [3/3] (3.89ns) (root node of the DSP)   --->   "%mul_ln1118_1 = mul i21 %sext_ln1118_1, %sext_ln1116_cast" [firmware/nnet_utils/nnet_dense_resource.h:291->firmware/nnet_utils/nnet_dense_resource.h:450]   --->   Operation 40 'mul' 'mul_ln1118_1' <Predicate = (!icmp_ln442)> <Delay = 3.89> <Core = "DSP48">   --->   Core 88 'DSP48' <Latency = 2> <II = 1> <Delay = 3.89> <IPBlock> <Opcode : 'mul' 'add' 'sub' 'select'> <InPorts = 0> <OutPorts = 1> <Sync> <CReg>
ST_4 : Operation 41 [1/1] (0.00ns)   --->   "%sext_ln1118_2 = sext i6 %tmp_6 to i21" [firmware/nnet_utils/nnet_dense_resource.h:291->firmware/nnet_utils/nnet_dense_resource.h:450]   --->   Operation 41 'sext' 'sext_ln1118_2' <Predicate = (!icmp_ln442)> <Delay = 0.00>
ST_4 : Operation 42 [3/3] (3.89ns) (root node of the DSP)   --->   "%mul_ln1118_2 = mul i21 %sext_ln1118_2, %sext_ln1116_cast" [firmware/nnet_utils/nnet_dense_resource.h:291->firmware/nnet_utils/nnet_dense_resource.h:450]   --->   Operation 42 'mul' 'mul_ln1118_2' <Predicate = (!icmp_ln442)> <Delay = 3.89> <Core = "DSP48">   --->   Core 88 'DSP48' <Latency = 2> <II = 1> <Delay = 3.89> <IPBlock> <Opcode : 'mul' 'add' 'sub' 'select'> <InPorts = 0> <OutPorts = 1> <Sync> <CReg>
ST_4 : Operation 43 [1/1] (0.00ns)   --->   "%sext_ln1118_3 = sext i6 %tmp_7 to i21" [firmware/nnet_utils/nnet_dense_resource.h:291->firmware/nnet_utils/nnet_dense_resource.h:450]   --->   Operation 43 'sext' 'sext_ln1118_3' <Predicate = (!icmp_ln442)> <Delay = 0.00>
ST_4 : Operation 44 [3/3] (3.89ns) (root node of the DSP)   --->   "%mul_ln1118_3 = mul i21 %sext_ln1118_3, %sext_ln1116_cast" [firmware/nnet_utils/nnet_dense_resource.h:291->firmware/nnet_utils/nnet_dense_resource.h:450]   --->   Operation 44 'mul' 'mul_ln1118_3' <Predicate = (!icmp_ln442)> <Delay = 3.89> <Core = "DSP48">   --->   Core 88 'DSP48' <Latency = 2> <II = 1> <Delay = 3.89> <IPBlock> <Opcode : 'mul' 'add' 'sub' 'select'> <InPorts = 0> <OutPorts = 1> <Sync> <CReg>
ST_4 : Operation 45 [1/1] (0.00ns)   --->   "%sext_ln1118_4 = sext i5 %tmp_1 to i21" [firmware/nnet_utils/nnet_dense_resource.h:291->firmware/nnet_utils/nnet_dense_resource.h:450]   --->   Operation 45 'sext' 'sext_ln1118_4' <Predicate = (!icmp_ln442)> <Delay = 0.00>
ST_4 : Operation 46 [2/2] (3.34ns)   --->   "%mul_ln1118_4 = mul i21 %sext_ln1118_4, %sext_ln1116_cast" [firmware/nnet_utils/nnet_dense_resource.h:291->firmware/nnet_utils/nnet_dense_resource.h:450]   --->   Operation 46 'mul' 'mul_ln1118_4' <Predicate = (!icmp_ln442)> <Delay = 3.34> <Core = "MulnS">   --->   Core 17 'MulnS' <Latency = 1> <II = 1> <Delay = 3.34> <FuncUnit> <Opcode : 'mul'> <InPorts = 2> <OutPorts = 1>

State 5 <SV = 4> <Delay = 3.89>
ST_5 : Operation 47 [2/3] (3.89ns) (root node of the DSP)   --->   "%mul_ln1118 = mul i21 %sext_ln1118, %sext_ln1116_cast" [firmware/nnet_utils/nnet_dense_resource.h:291->firmware/nnet_utils/nnet_dense_resource.h:450]   --->   Operation 47 'mul' 'mul_ln1118' <Predicate = (!icmp_ln442)> <Delay = 3.89> <Core = "DSP48">   --->   Core 88 'DSP48' <Latency = 2> <II = 1> <Delay = 3.89> <IPBlock> <Opcode : 'mul' 'add' 'sub' 'select'> <InPorts = 0> <OutPorts = 1> <Sync> <CReg>
ST_5 : Operation 48 [2/3] (3.89ns) (root node of the DSP)   --->   "%mul_ln1118_1 = mul i21 %sext_ln1118_1, %sext_ln1116_cast" [firmware/nnet_utils/nnet_dense_resource.h:291->firmware/nnet_utils/nnet_dense_resource.h:450]   --->   Operation 48 'mul' 'mul_ln1118_1' <Predicate = (!icmp_ln442)> <Delay = 3.89> <Core = "DSP48">   --->   Core 88 'DSP48' <Latency = 2> <II = 1> <Delay = 3.89> <IPBlock> <Opcode : 'mul' 'add' 'sub' 'select'> <InPorts = 0> <OutPorts = 1> <Sync> <CReg>
ST_5 : Operation 49 [2/3] (3.89ns) (root node of the DSP)   --->   "%mul_ln1118_2 = mul i21 %sext_ln1118_2, %sext_ln1116_cast" [firmware/nnet_utils/nnet_dense_resource.h:291->firmware/nnet_utils/nnet_dense_resource.h:450]   --->   Operation 49 'mul' 'mul_ln1118_2' <Predicate = (!icmp_ln442)> <Delay = 3.89> <Core = "DSP48">   --->   Core 88 'DSP48' <Latency = 2> <II = 1> <Delay = 3.89> <IPBlock> <Opcode : 'mul' 'add' 'sub' 'select'> <InPorts = 0> <OutPorts = 1> <Sync> <CReg>
ST_5 : Operation 50 [2/3] (3.89ns) (root node of the DSP)   --->   "%mul_ln1118_3 = mul i21 %sext_ln1118_3, %sext_ln1116_cast" [firmware/nnet_utils/nnet_dense_resource.h:291->firmware/nnet_utils/nnet_dense_resource.h:450]   --->   Operation 50 'mul' 'mul_ln1118_3' <Predicate = (!icmp_ln442)> <Delay = 3.89> <Core = "DSP48">   --->   Core 88 'DSP48' <Latency = 2> <II = 1> <Delay = 3.89> <IPBlock> <Opcode : 'mul' 'add' 'sub' 'select'> <InPorts = 0> <OutPorts = 1> <Sync> <CReg>
ST_5 : Operation 51 [1/2] (3.34ns)   --->   "%mul_ln1118_4 = mul i21 %sext_ln1118_4, %sext_ln1116_cast" [firmware/nnet_utils/nnet_dense_resource.h:291->firmware/nnet_utils/nnet_dense_resource.h:450]   --->   Operation 51 'mul' 'mul_ln1118_4' <Predicate = (!icmp_ln442)> <Delay = 3.34> <Core = "MulnS">   --->   Core 17 'MulnS' <Latency = 1> <II = 1> <Delay = 3.34> <FuncUnit> <Opcode : 'mul'> <InPorts = 2> <OutPorts = 1>
ST_5 : Operation 52 [1/1] (0.00ns)   --->   "%trunc_ln708_4 = call i16 @_ssdm_op_PartSelect.i16.i21.i32.i32(i21 %mul_ln1118_4, i32 5, i32 20)" [firmware/nnet_utils/nnet_dense_resource.h:291->firmware/nnet_utils/nnet_dense_resource.h:450]   --->   Operation 52 'partselect' 'trunc_ln708_4' <Predicate = (!icmp_ln442)> <Delay = 0.00>

State 6 <SV = 5> <Delay = 2.07>
ST_6 : Operation 53 [1/3] (0.00ns) (root node of the DSP)   --->   "%mul_ln1118 = mul i21 %sext_ln1118, %sext_ln1116_cast" [firmware/nnet_utils/nnet_dense_resource.h:291->firmware/nnet_utils/nnet_dense_resource.h:450]   --->   Operation 53 'mul' 'mul_ln1118' <Predicate = (!icmp_ln442)> <Delay = 0.00> <Core = "DSP48">   --->   Core 88 'DSP48' <Latency = 2> <II = 1> <Delay = 3.89> <IPBlock> <Opcode : 'mul' 'add' 'sub' 'select'> <InPorts = 0> <OutPorts = 1> <Sync> <CReg>
ST_6 : Operation 54 [1/3] (0.00ns) (root node of the DSP)   --->   "%mul_ln1118_1 = mul i21 %sext_ln1118_1, %sext_ln1116_cast" [firmware/nnet_utils/nnet_dense_resource.h:291->firmware/nnet_utils/nnet_dense_resource.h:450]   --->   Operation 54 'mul' 'mul_ln1118_1' <Predicate = (!icmp_ln442)> <Delay = 0.00> <Core = "DSP48">   --->   Core 88 'DSP48' <Latency = 2> <II = 1> <Delay = 3.89> <IPBlock> <Opcode : 'mul' 'add' 'sub' 'select'> <InPorts = 0> <OutPorts = 1> <Sync> <CReg>
ST_6 : Operation 55 [1/3] (0.00ns) (root node of the DSP)   --->   "%mul_ln1118_2 = mul i21 %sext_ln1118_2, %sext_ln1116_cast" [firmware/nnet_utils/nnet_dense_resource.h:291->firmware/nnet_utils/nnet_dense_resource.h:450]   --->   Operation 55 'mul' 'mul_ln1118_2' <Predicate = (!icmp_ln442)> <Delay = 0.00> <Core = "DSP48">   --->   Core 88 'DSP48' <Latency = 2> <II = 1> <Delay = 3.89> <IPBlock> <Opcode : 'mul' 'add' 'sub' 'select'> <InPorts = 0> <OutPorts = 1> <Sync> <CReg>
ST_6 : Operation 56 [1/3] (0.00ns) (root node of the DSP)   --->   "%mul_ln1118_3 = mul i21 %sext_ln1118_3, %sext_ln1116_cast" [firmware/nnet_utils/nnet_dense_resource.h:291->firmware/nnet_utils/nnet_dense_resource.h:450]   --->   Operation 56 'mul' 'mul_ln1118_3' <Predicate = (!icmp_ln442)> <Delay = 0.00> <Core = "DSP48">   --->   Core 88 'DSP48' <Latency = 2> <II = 1> <Delay = 3.89> <IPBlock> <Opcode : 'mul' 'add' 'sub' 'select'> <InPorts = 0> <OutPorts = 1> <Sync> <CReg>
ST_6 : Operation 57 [1/1] (2.07ns)   --->   "%add_ln703_4 = add i16 %tmp_V_16, %trunc_ln708_4" [firmware/nnet_utils/nnet_dense_resource.h:450]   --->   Operation 57 'add' 'add_ln703_4' <Predicate = (!icmp_ln442)> <Delay = 2.07> <Core = "AddSub">   --->   Core 14 'AddSub' <Latency = 0> <II = 1> <Delay = 2.07> <FuncUnit> <Opcode : 'add' 'sub'> <InPorts = 2> <OutPorts = 1>

State 7 <SV = 6> <Delay = 2.07>
ST_7 : Operation 58 [1/1] (0.00ns)   --->   "%tmp = call i32 (...)* @_ssdm_op_SpecRegionBegin([13 x i8]* @p_str49)" [firmware/nnet_utils/nnet_dense_resource.h:442]   --->   Operation 58 'specregionbegin' 'tmp' <Predicate = (!icmp_ln442)> <Delay = 0.00>
ST_7 : Operation 59 [1/1] (0.00ns)   --->   "call void (...)* @_ssdm_op_SpecPipeline(i32 1, i32 1, i32 1, i32 0, [1 x i8]* @p_str) nounwind" [firmware/nnet_utils/nnet_dense_resource.h:443]   --->   Operation 59 'specpipeline' <Predicate = (!icmp_ln442)> <Delay = 0.00>
ST_7 : Operation 60 [1/1] (0.00ns)   --->   "%trunc_ln = call i16 @_ssdm_op_PartSelect.i16.i21.i32.i32(i21 %mul_ln1118, i32 5, i32 20)" [firmware/nnet_utils/nnet_dense_resource.h:291->firmware/nnet_utils/nnet_dense_resource.h:450]   --->   Operation 60 'partselect' 'trunc_ln' <Predicate = (!icmp_ln442)> <Delay = 0.00>
ST_7 : Operation 61 [1/1] (2.07ns)   --->   "%add_ln703 = add i16 %tmp_V, %trunc_ln" [firmware/nnet_utils/nnet_dense_resource.h:450]   --->   Operation 61 'add' 'add_ln703' <Predicate = (!icmp_ln442)> <Delay = 2.07> <Core = "AddSub">   --->   Core 14 'AddSub' <Latency = 0> <II = 1> <Delay = 2.07> <FuncUnit> <Opcode : 'add' 'sub'> <InPorts = 2> <OutPorts = 1>
ST_7 : Operation 62 [1/1] (0.00ns)   --->   "%trunc_ln708_1 = call i16 @_ssdm_op_PartSelect.i16.i21.i32.i32(i21 %mul_ln1118_1, i32 5, i32 20)" [firmware/nnet_utils/nnet_dense_resource.h:291->firmware/nnet_utils/nnet_dense_resource.h:450]   --->   Operation 62 'partselect' 'trunc_ln708_1' <Predicate = (!icmp_ln442)> <Delay = 0.00>
ST_7 : Operation 63 [1/1] (2.07ns)   --->   "%add_ln703_1 = add i16 %tmp_V_13, %trunc_ln708_1" [firmware/nnet_utils/nnet_dense_resource.h:450]   --->   Operation 63 'add' 'add_ln703_1' <Predicate = (!icmp_ln442)> <Delay = 2.07> <Core = "AddSub">   --->   Core 14 'AddSub' <Latency = 0> <II = 1> <Delay = 2.07> <FuncUnit> <Opcode : 'add' 'sub'> <InPorts = 2> <OutPorts = 1>
ST_7 : Operation 64 [1/1] (0.00ns)   --->   "%trunc_ln708_2 = call i16 @_ssdm_op_PartSelect.i16.i21.i32.i32(i21 %mul_ln1118_2, i32 5, i32 20)" [firmware/nnet_utils/nnet_dense_resource.h:291->firmware/nnet_utils/nnet_dense_resource.h:450]   --->   Operation 64 'partselect' 'trunc_ln708_2' <Predicate = (!icmp_ln442)> <Delay = 0.00>
ST_7 : Operation 65 [1/1] (2.07ns)   --->   "%add_ln703_2 = add i16 %tmp_V_14, %trunc_ln708_2" [firmware/nnet_utils/nnet_dense_resource.h:450]   --->   Operation 65 'add' 'add_ln703_2' <Predicate = (!icmp_ln442)> <Delay = 2.07> <Core = "AddSub">   --->   Core 14 'AddSub' <Latency = 0> <II = 1> <Delay = 2.07> <FuncUnit> <Opcode : 'add' 'sub'> <InPorts = 2> <OutPorts = 1>
ST_7 : Operation 66 [1/1] (0.00ns)   --->   "%trunc_ln708_3 = call i16 @_ssdm_op_PartSelect.i16.i21.i32.i32(i21 %mul_ln1118_3, i32 5, i32 20)" [firmware/nnet_utils/nnet_dense_resource.h:291->firmware/nnet_utils/nnet_dense_resource.h:450]   --->   Operation 66 'partselect' 'trunc_ln708_3' <Predicate = (!icmp_ln442)> <Delay = 0.00>
ST_7 : Operation 67 [1/1] (2.07ns)   --->   "%add_ln703_3 = add i16 %tmp_V_15, %trunc_ln708_3" [firmware/nnet_utils/nnet_dense_resource.h:450]   --->   Operation 67 'add' 'add_ln703_3' <Predicate = (!icmp_ln442)> <Delay = 2.07> <Core = "AddSub">   --->   Core 14 'AddSub' <Latency = 0> <II = 1> <Delay = 2.07> <FuncUnit> <Opcode : 'add' 'sub'> <InPorts = 2> <OutPorts = 1>
ST_7 : Operation 68 [1/1] (0.00ns)   --->   "%empty_71 = call i32 (...)* @_ssdm_op_SpecRegionEnd([13 x i8]* @p_str49, i32 %tmp)" [firmware/nnet_utils/nnet_dense_resource.h:453]   --->   Operation 68 'specregionend' 'empty_71' <Predicate = (!icmp_ln442)> <Delay = 0.00>
ST_7 : Operation 69 [1/1] (0.00ns)   --->   "br label %1" [firmware/nnet_utils/nnet_dense_resource.h:442]   --->   Operation 69 'br' <Predicate = (!icmp_ln442)> <Delay = 0.00>

State 8 <SV = 2> <Delay = 2.18>
ST_8 : Operation 70 [1/1] (2.18ns)   --->   "call void @_ssdm_op_Write.ap_fifo.volatile.i16P(i16* %res_V_V, i16 %tmp_V)" [firmware/nnet_utils/nnet_dense_resource.h:459]   --->   Operation 70 'write' <Predicate = true> <Delay = 2.18> <Core = "FIFO">   --->   Core 32 'FIFO' <Latency = 0> <II = 1> <Delay = 3.61> <Storage> <Opcode : 'read' 'write' 'nbread' 'nbwrite'> <Ports = 0> <Width = 16> <Depth = 5> <FIFO>

State 9 <SV = 3> <Delay = 2.18>
ST_9 : Operation 71 [1/1] (2.18ns)   --->   "call void @_ssdm_op_Write.ap_fifo.volatile.i16P(i16* %res_V_V, i16 %tmp_V_13)" [firmware/nnet_utils/nnet_dense_resource.h:459]   --->   Operation 71 'write' <Predicate = true> <Delay = 2.18> <Core = "FIFO">   --->   Core 32 'FIFO' <Latency = 0> <II = 1> <Delay = 3.61> <Storage> <Opcode : 'read' 'write' 'nbread' 'nbwrite'> <Ports = 0> <Width = 16> <Depth = 5> <FIFO>

State 10 <SV = 4> <Delay = 2.18>
ST_10 : Operation 72 [1/1] (2.18ns)   --->   "call void @_ssdm_op_Write.ap_fifo.volatile.i16P(i16* %res_V_V, i16 %tmp_V_14)" [firmware/nnet_utils/nnet_dense_resource.h:459]   --->   Operation 72 'write' <Predicate = true> <Delay = 2.18> <Core = "FIFO">   --->   Core 32 'FIFO' <Latency = 0> <II = 1> <Delay = 3.61> <Storage> <Opcode : 'read' 'write' 'nbread' 'nbwrite'> <Ports = 0> <Width = 16> <Depth = 5> <FIFO>

State 11 <SV = 5> <Delay = 2.18>
ST_11 : Operation 73 [1/1] (2.18ns)   --->   "call void @_ssdm_op_Write.ap_fifo.volatile.i16P(i16* %res_V_V, i16 %tmp_V_15)" [firmware/nnet_utils/nnet_dense_resource.h:459]   --->   Operation 73 'write' <Predicate = true> <Delay = 2.18> <Core = "FIFO">   --->   Core 32 'FIFO' <Latency = 0> <II = 1> <Delay = 3.61> <Storage> <Opcode : 'read' 'write' 'nbread' 'nbwrite'> <Ports = 0> <Width = 16> <Depth = 5> <FIFO>

State 12 <SV = 6> <Delay = 2.18>
ST_12 : Operation 74 [1/1] (2.18ns)   --->   "call void @_ssdm_op_Write.ap_fifo.volatile.i16P(i16* %res_V_V, i16 %tmp_V_16)" [firmware/nnet_utils/nnet_dense_resource.h:459]   --->   Operation 74 'write' <Predicate = true> <Delay = 2.18> <Core = "FIFO">   --->   Core 32 'FIFO' <Latency = 0> <II = 1> <Delay = 3.61> <Storage> <Opcode : 'read' 'write' 'nbread' 'nbwrite'> <Ports = 0> <Width = 16> <Depth = 5> <FIFO>
ST_12 : Operation 75 [1/1] (0.00ns)   --->   "ret void" [firmware/nnet_utils/nnet_dense_resource.h:462]   --->   Operation 75 'ret' <Predicate = true> <Delay = 0.00>


============================================================
+ Verbose Summary: Timing violations
============================================================
Target clock period: 5ns, clock uncertainty: 0.625ns.

 <State 1>: 1.77ns
The critical path consists of the following:
	multiplexor before 'phi' operation ('tmp.V', firmware/nnet_utils/nnet_dense_resource.h:450) with incoming values : ('add_ln703_4', firmware/nnet_utils/nnet_dense_resource.h:450) [9]  (1.77 ns)

 <State 2>: 3.25ns
The critical path consists of the following:
	'phi' operation ('i_in') with incoming values : ('i_in', firmware/nnet_utils/nnet_dense_resource.h:442) [14]  (0 ns)
	'getelementptr' operation ('w17_V_addr', firmware/nnet_utils/nnet_dense_resource.h:450) [24]  (0 ns)
	'load' operation ('w17_V_load', firmware/nnet_utils/nnet_dense_resource.h:450) on array 'w17_V' [25]  (3.25 ns)

 <State 3>: 3.25ns
The critical path consists of the following:
	'load' operation ('w17_V_load', firmware/nnet_utils/nnet_dense_resource.h:450) on array 'w17_V' [25]  (3.25 ns)

 <State 4>: 3.89ns
The critical path consists of the following:
	'mul' operation of DSP[29] ('mul_ln1118', firmware/nnet_utils/nnet_dense_resource.h:291->firmware/nnet_utils/nnet_dense_resource.h:450) [29]  (3.89 ns)

 <State 5>: 3.89ns
The critical path consists of the following:
	'mul' operation of DSP[29] ('mul_ln1118', firmware/nnet_utils/nnet_dense_resource.h:291->firmware/nnet_utils/nnet_dense_resource.h:450) [29]  (3.89 ns)

 <State 6>: 2.08ns
The critical path consists of the following:
	'add' operation ('add_ln703_4', firmware/nnet_utils/nnet_dense_resource.h:450) [51]  (2.08 ns)

 <State 7>: 2.08ns
The critical path consists of the following:
	'add' operation ('add_ln703', firmware/nnet_utils/nnet_dense_resource.h:450) [31]  (2.08 ns)

 <State 8>: 2.19ns
The critical path consists of the following:
	fifo write on port 'res_V_V' (firmware/nnet_utils/nnet_dense_resource.h:459) [55]  (2.19 ns)

 <State 9>: 2.19ns
The critical path consists of the following:
	fifo write on port 'res_V_V' (firmware/nnet_utils/nnet_dense_resource.h:459) [56]  (2.19 ns)

 <State 10>: 2.19ns
The critical path consists of the following:
	fifo write on port 'res_V_V' (firmware/nnet_utils/nnet_dense_resource.h:459) [57]  (2.19 ns)

 <State 11>: 2.19ns
The critical path consists of the following:
	fifo write on port 'res_V_V' (firmware/nnet_utils/nnet_dense_resource.h:459) [58]  (2.19 ns)

 <State 12>: 2.19ns
The critical path consists of the following:
	fifo write on port 'res_V_V' (firmware/nnet_utils/nnet_dense_resource.h:459) [59]  (2.19 ns)


============================================================
+ Verbose Summary: Binding
============================================================
N/A
* FSMD analyzer results:
  - Output states:
 - Input state : 
  - Chain level:
	State 1
	State 2
	State 3
	State 4
	State 5
	State 6
	State 7
	State 8
	State 9
	State 10
	State 11
	State 12


============================================================
+ Verbose Summary: Datapath Resource usage 
============================================================
N/A
