

================================================================
== Vivado HLS Report for 'myproject'
================================================================
* Date:           Wed Aug 10 16:30:09 2022

* Version:        2019.2 (Build 2704478 on Wed Nov 06 22:10:23 MST 2019)
* Project:        myproject_prj
* Solution:       solution1
* Product family: zynq
* Target device:  xc7z020-clg400-1


================================================================
== Performance Estimates
================================================================
+ Timing: 
    * Summary: 
    +--------+---------+----------+------------+
    |  Clock |  Target | Estimated| Uncertainty|
    +--------+---------+----------+------------+
    |ap_clk  | 5.00 ns | 4.429 ns |   0.62 ns  |
    +--------+---------+----------+------------+

+ Latency: 
    * Summary: 
    +----------+----------+-----------+-----------+----------+----------+----------+
    |   Latency (cycles)  |   Latency (absolute)  |       Interval      | Pipeline |
    |    min   |    max   |    min    |    max    |    min   |    max   |   Type   |
    +----------+----------+-----------+-----------+----------+----------+----------+
    |  11991005|  12406749| 59.955 ms | 62.034 ms |  11892738|  12308482| dataflow |
    +----------+----------+-----------+-----------+----------+----------+----------+

    + Detail: 
        * Instance: 
        N/A

        * Loop: 
        N/A

============================================================
+ Verbose Summary: Synthesis Manager
============================================================
InlineROM: 1
ExposeGlobal: 0
============================================================
+ Verbose Summary: CDFG Model
============================================================
IsTopModel: 0
ResetActiveHigh: 1
IsCombinational: 2
IsDatapathOnly: 0
HasWiredReturn: 1
HasMFsm: 0
HasVarLatency: 1
IsPipeline: 0
IsRtlPipelined: 0
IsInstanceOverlapped: 0
IsDontTouch: 0
HasImplIP: 0
IsGatedGlobalClock: 0


============================================================
+ Verbose Summary: Schedule
============================================================
* Number of FSM states : 28
* Pipeline : 0
* Dataflow Pipeline: 1
  DF-Pipeline-0: Size = 28, States = { 1 2 3 4 5 6 7 8 9 10 11 12 13 14 15 16 17 18 19 20 21 22 23 24 25 26 27 28 }

* FSM state transitions: 
1 --> 2 
2 --> 3 
3 --> 4 
4 --> 5 
5 --> 6 
6 --> 7 
7 --> 8 
8 --> 9 
9 --> 10 
10 --> 11 
11 --> 12 
12 --> 13 
13 --> 14 
14 --> 15 
15 --> 16 
16 --> 17 
17 --> 18 
18 --> 19 
19 --> 20 
20 --> 21 
21 --> 22 
22 --> 23 
23 --> 24 
24 --> 25 
25 --> 26 
26 --> 27 
27 --> 28 
28 --> 

* FSM state operations: 

State 1 <SV = 0> <Delay = 0.00>
ST_1 : Operation 29 [1/1] (0.00ns)   --->   "%layer20_out_V_V = alloca i16, align 2" [firmware/myproject.cpp:59]   --->   Operation 29 'alloca' 'layer20_out_V_V' <Predicate = true> <Delay = 0.00> <Core = "FIFO">   --->   Core 32 'FIFO' <Latency = 0> <II = 1> <Delay = 3.61> <Storage> <Opcode : 'read' 'write' 'nbread' 'nbwrite'> <Ports = 0> <Width = 16> <Depth = 5> <FIFO>
ST_1 : Operation 30 [1/1] (0.00ns)   --->   "%layer2_out_V_V = alloca i16, align 2" [firmware/myproject.cpp:64]   --->   Operation 30 'alloca' 'layer2_out_V_V' <Predicate = true> <Delay = 0.00> <Core = "FIFO">   --->   Core 32 'FIFO' <Latency = 0> <II = 1> <Delay = 3.61> <Storage> <Opcode : 'read' 'write' 'nbread' 'nbwrite'> <Ports = 0> <Width = 16> <Depth = 5> <FIFO>
ST_1 : Operation 31 [1/1] (0.00ns)   --->   "%layer4_out_V_V = alloca i16, align 2" [firmware/myproject.cpp:69]   --->   Operation 31 'alloca' 'layer4_out_V_V' <Predicate = true> <Delay = 0.00> <Core = "FIFO">   --->   Core 32 'FIFO' <Latency = 0> <II = 1> <Delay = 3.61> <Storage> <Opcode : 'read' 'write' 'nbread' 'nbwrite'> <Ports = 0> <Width = 16> <Depth = 5> <FIFO>
ST_1 : Operation 32 [1/1] (0.00ns)   --->   "%layer5_out_V_V = alloca i16, align 2" [firmware/myproject.cpp:74]   --->   Operation 32 'alloca' 'layer5_out_V_V' <Predicate = true> <Delay = 0.00> <Core = "FIFO">   --->   Core 32 'FIFO' <Latency = 0> <II = 1> <Delay = 3.61> <Storage> <Opcode : 'read' 'write' 'nbread' 'nbwrite'> <Ports = 0> <Width = 16> <Depth = 5> <FIFO>
ST_1 : Operation 33 [1/1] (0.00ns)   --->   "%layer7_out_V_V = alloca i16, align 2" [firmware/myproject.cpp:79]   --->   Operation 33 'alloca' 'layer7_out_V_V' <Predicate = true> <Delay = 0.00> <Core = "FIFO">   --->   Core 32 'FIFO' <Latency = 0> <II = 1> <Delay = 3.61> <Storage> <Opcode : 'read' 'write' 'nbread' 'nbwrite'> <Ports = 0> <Width = 16> <Depth = 5> <FIFO>
ST_1 : Operation 34 [1/1] (0.00ns)   --->   "%layer8_out_V_V = alloca i16, align 2" [firmware/myproject.cpp:84]   --->   Operation 34 'alloca' 'layer8_out_V_V' <Predicate = true> <Delay = 0.00> <Core = "FIFO">   --->   Core 32 'FIFO' <Latency = 0> <II = 1> <Delay = 3.61> <Storage> <Opcode : 'read' 'write' 'nbread' 'nbwrite'> <Ports = 0> <Width = 16> <Depth = 5> <FIFO>
ST_1 : Operation 35 [1/1] (0.00ns)   --->   "%layer21_out_V_V = alloca i16, align 2" [firmware/myproject.cpp:89]   --->   Operation 35 'alloca' 'layer21_out_V_V' <Predicate = true> <Delay = 0.00> <Core = "FIFO">   --->   Core 32 'FIFO' <Latency = 0> <II = 1> <Delay = 3.61> <Storage> <Opcode : 'read' 'write' 'nbread' 'nbwrite'> <Ports = 0> <Width = 16> <Depth = 5> <FIFO>
ST_1 : Operation 36 [1/1] (0.00ns)   --->   "%layer9_out_V_V = alloca i16, align 2" [firmware/myproject.cpp:94]   --->   Operation 36 'alloca' 'layer9_out_V_V' <Predicate = true> <Delay = 0.00> <Core = "FIFO">   --->   Core 32 'FIFO' <Latency = 0> <II = 1> <Delay = 3.61> <Storage> <Opcode : 'read' 'write' 'nbread' 'nbwrite'> <Ports = 0> <Width = 16> <Depth = 5> <FIFO>
ST_1 : Operation 37 [1/1] (0.00ns)   --->   "%layer11_out_V_V = alloca i16, align 2" [firmware/myproject.cpp:99]   --->   Operation 37 'alloca' 'layer11_out_V_V' <Predicate = true> <Delay = 0.00> <Core = "FIFO">   --->   Core 32 'FIFO' <Latency = 0> <II = 1> <Delay = 3.61> <Storage> <Opcode : 'read' 'write' 'nbread' 'nbwrite'> <Ports = 0> <Width = 16> <Depth = 5> <FIFO>
ST_1 : Operation 38 [1/1] (0.00ns)   --->   "%layer12_out_V_V = alloca i16, align 2" [firmware/myproject.cpp:104]   --->   Operation 38 'alloca' 'layer12_out_V_V' <Predicate = true> <Delay = 0.00> <Core = "FIFO">   --->   Core 32 'FIFO' <Latency = 0> <II = 1> <Delay = 3.61> <Storage> <Opcode : 'read' 'write' 'nbread' 'nbwrite'> <Ports = 0> <Width = 16> <Depth = 5> <FIFO>
ST_1 : Operation 39 [1/1] (0.00ns)   --->   "%layer14_out_V_V = alloca i16, align 2" [firmware/myproject.cpp:109]   --->   Operation 39 'alloca' 'layer14_out_V_V' <Predicate = true> <Delay = 0.00> <Core = "FIFO">   --->   Core 32 'FIFO' <Latency = 0> <II = 1> <Delay = 3.61> <Storage> <Opcode : 'read' 'write' 'nbread' 'nbwrite'> <Ports = 0> <Width = 16> <Depth = 5> <FIFO>
ST_1 : Operation 40 [1/1] (0.00ns)   --->   "%layer15_out_V_V = alloca i16, align 2" [firmware/myproject.cpp:114]   --->   Operation 40 'alloca' 'layer15_out_V_V' <Predicate = true> <Delay = 0.00> <Core = "FIFO">   --->   Core 32 'FIFO' <Latency = 0> <II = 1> <Delay = 3.61> <Storage> <Opcode : 'read' 'write' 'nbread' 'nbwrite'> <Ports = 0> <Width = 16> <Depth = 5> <FIFO>
ST_1 : Operation 41 [1/1] (0.00ns)   --->   "%layer17_out_V_V = alloca i16, align 2" [firmware/myproject.cpp:120]   --->   Operation 41 'alloca' 'layer17_out_V_V' <Predicate = true> <Delay = 0.00> <Core = "FIFO">   --->   Core 32 'FIFO' <Latency = 0> <II = 1> <Delay = 3.61> <Storage> <Opcode : 'read' 'write' 'nbread' 'nbwrite'> <Ports = 0> <Width = 16> <Depth = 5> <FIFO>
ST_1 : Operation 42 [2/2] (0.00ns)   --->   "call fastcc void @"zeropad2d_cl_me<ap_fixed,ap_fixed,config20>"(i16* %conv2d_input_V_V, i16* %layer20_out_V_V)" [firmware/myproject.cpp:61]   --->   Operation 42 'call' <Predicate = true> <Delay = 0.00> <CoreType = "Generic">   --->   Core 0 '' <Latency = 0> <II = 1> <Delay = 1.00> <Generic> <Opcode : >

State 2 <SV = 1> <Delay = 0.00>
ST_2 : Operation 43 [1/2] (0.00ns)   --->   "call fastcc void @"zeropad2d_cl_me<ap_fixed,ap_fixed,config20>"(i16* %conv2d_input_V_V, i16* %layer20_out_V_V)" [firmware/myproject.cpp:61]   --->   Operation 43 'call' <Predicate = true> <Delay = 0.00> <CoreType = "Generic">   --->   Core 0 '' <Latency = 0> <II = 1> <Delay = 1.00> <Generic> <Opcode : >

State 3 <SV = 2> <Delay = 0.00>
ST_3 : Operation 44 [2/2] (0.00ns)   --->   "call fastcc void @"conv_2d_cl_me<ap_fixed,ap_fixed<16,4,5,3,0>,config2>"(i16* %layer20_out_V_V, i16* %layer2_out_V_V)" [firmware/myproject.cpp:66]   --->   Operation 44 'call' <Predicate = true> <Delay = 0.00> <CoreType = "Generic">   --->   Core 0 '' <Latency = 0> <II = 1> <Delay = 1.00> <Generic> <Opcode : >

State 4 <SV = 3> <Delay = 0.00>
ST_4 : Operation 45 [1/2] (0.00ns)   --->   "call fastcc void @"conv_2d_cl_me<ap_fixed,ap_fixed<16,4,5,3,0>,config2>"(i16* %layer20_out_V_V, i16* %layer2_out_V_V)" [firmware/myproject.cpp:66]   --->   Operation 45 'call' <Predicate = true> <Delay = 0.00> <CoreType = "Generic">   --->   Core 0 '' <Latency = 0> <II = 1> <Delay = 1.00> <Generic> <Opcode : >

State 5 <SV = 4> <Delay = 0.00>
ST_5 : Operation 46 [2/2] (0.00ns)   --->   "call fastcc void @"relu_me<ap_fixed,ap_fixed<16,4,5,3,0>,relu_config4>"(i16* %layer2_out_V_V, i16* %layer4_out_V_V)" [firmware/myproject.cpp:71]   --->   Operation 46 'call' <Predicate = true> <Delay = 0.00> <CoreType = "Generic">   --->   Core 0 '' <Latency = 0> <II = 1> <Delay = 1.00> <Generic> <Opcode : >

State 6 <SV = 5> <Delay = 0.00>
ST_6 : Operation 47 [1/2] (0.00ns)   --->   "call fastcc void @"relu_me<ap_fixed,ap_fixed<16,4,5,3,0>,relu_config4>"(i16* %layer2_out_V_V, i16* %layer4_out_V_V)" [firmware/myproject.cpp:71]   --->   Operation 47 'call' <Predicate = true> <Delay = 0.00> <CoreType = "Generic">   --->   Core 0 '' <Latency = 0> <II = 1> <Delay = 1.00> <Generic> <Opcode : >

State 7 <SV = 6> <Delay = 0.00>
ST_7 : Operation 48 [2/2] (0.00ns)   --->   "call fastcc void @"conv_2d_cl_me<ap_fixed,ap_fixed<16,4,5,3,0>,config5>"(i16* %layer4_out_V_V, i16* %layer5_out_V_V)" [firmware/myproject.cpp:76]   --->   Operation 48 'call' <Predicate = true> <Delay = 0.00> <CoreType = "Generic">   --->   Core 0 '' <Latency = 0> <II = 1> <Delay = 1.00> <Generic> <Opcode : >

State 8 <SV = 7> <Delay = 0.00>
ST_8 : Operation 49 [1/2] (0.00ns)   --->   "call fastcc void @"conv_2d_cl_me<ap_fixed,ap_fixed<16,4,5,3,0>,config5>"(i16* %layer4_out_V_V, i16* %layer5_out_V_V)" [firmware/myproject.cpp:76]   --->   Operation 49 'call' <Predicate = true> <Delay = 0.00> <CoreType = "Generic">   --->   Core 0 '' <Latency = 0> <II = 1> <Delay = 1.00> <Generic> <Opcode : >

State 9 <SV = 8> <Delay = 0.00>
ST_9 : Operation 50 [2/2] (0.00ns)   --->   "call fastcc void @"relu_me<ap_fixed,ap_fixed<16,4,5,3,0>,relu_config7>"(i16* %layer5_out_V_V, i16* %layer7_out_V_V)" [firmware/myproject.cpp:81]   --->   Operation 50 'call' <Predicate = true> <Delay = 0.00> <CoreType = "Generic">   --->   Core 0 '' <Latency = 0> <II = 1> <Delay = 1.00> <Generic> <Opcode : >

State 10 <SV = 9> <Delay = 0.00>
ST_10 : Operation 51 [1/2] (0.00ns)   --->   "call fastcc void @"relu_me<ap_fixed,ap_fixed<16,4,5,3,0>,relu_config7>"(i16* %layer5_out_V_V, i16* %layer7_out_V_V)" [firmware/myproject.cpp:81]   --->   Operation 51 'call' <Predicate = true> <Delay = 0.00> <CoreType = "Generic">   --->   Core 0 '' <Latency = 0> <II = 1> <Delay = 1.00> <Generic> <Opcode : >

State 11 <SV = 10> <Delay = 0.00>
ST_11 : Operation 52 [2/2] (0.00ns)   --->   "call fastcc void @"pooling2d_large_cl_nopad_pad_me<ap_fixed,ap_fixed,config8>"(i16* %layer7_out_V_V, i16* %layer8_out_V_V)" [firmware/myproject.cpp:86]   --->   Operation 52 'call' <Predicate = true> <Delay = 0.00> <CoreType = "Generic">   --->   Core 0 '' <Latency = 0> <II = 1> <Delay = 1.00> <Generic> <Opcode : >

State 12 <SV = 11> <Delay = 0.00>
ST_12 : Operation 53 [1/2] (0.00ns)   --->   "call fastcc void @"pooling2d_large_cl_nopad_pad_me<ap_fixed,ap_fixed,config8>"(i16* %layer7_out_V_V, i16* %layer8_out_V_V)" [firmware/myproject.cpp:86]   --->   Operation 53 'call' <Predicate = true> <Delay = 0.00> <CoreType = "Generic">   --->   Core 0 '' <Latency = 0> <II = 1> <Delay = 1.00> <Generic> <Opcode : >

State 13 <SV = 12> <Delay = 0.00>
ST_13 : Operation 54 [2/2] (0.00ns)   --->   "call fastcc void @"zeropad2d_cl_me<ap_fixed,ap_fixed,config21>"(i16* %layer8_out_V_V, i16* %layer21_out_V_V)" [firmware/myproject.cpp:91]   --->   Operation 54 'call' <Predicate = true> <Delay = 0.00> <CoreType = "Generic">   --->   Core 0 '' <Latency = 0> <II = 1> <Delay = 1.00> <Generic> <Opcode : >

State 14 <SV = 13> <Delay = 0.00>
ST_14 : Operation 55 [1/2] (0.00ns)   --->   "call fastcc void @"zeropad2d_cl_me<ap_fixed,ap_fixed,config21>"(i16* %layer8_out_V_V, i16* %layer21_out_V_V)" [firmware/myproject.cpp:91]   --->   Operation 55 'call' <Predicate = true> <Delay = 0.00> <CoreType = "Generic">   --->   Core 0 '' <Latency = 0> <II = 1> <Delay = 1.00> <Generic> <Opcode : >

State 15 <SV = 14> <Delay = 0.00>
ST_15 : Operation 56 [2/2] (0.00ns)   --->   "call fastcc void @"conv_2d_cl_me<ap_fixed,ap_fixed<16,4,5,3,0>,config9>"(i16* %layer21_out_V_V, i16* %layer9_out_V_V)" [firmware/myproject.cpp:96]   --->   Operation 56 'call' <Predicate = true> <Delay = 0.00> <CoreType = "Generic">   --->   Core 0 '' <Latency = 0> <II = 1> <Delay = 1.00> <Generic> <Opcode : >

State 16 <SV = 15> <Delay = 0.00>
ST_16 : Operation 57 [1/2] (0.00ns)   --->   "call fastcc void @"conv_2d_cl_me<ap_fixed,ap_fixed<16,4,5,3,0>,config9>"(i16* %layer21_out_V_V, i16* %layer9_out_V_V)" [firmware/myproject.cpp:96]   --->   Operation 57 'call' <Predicate = true> <Delay = 0.00> <CoreType = "Generic">   --->   Core 0 '' <Latency = 0> <II = 1> <Delay = 1.00> <Generic> <Opcode : >

State 17 <SV = 16> <Delay = 0.00>
ST_17 : Operation 58 [2/2] (0.00ns)   --->   "call fastcc void @"relu_me<ap_fixed,ap_fixed<16,4,5,3,0>,relu_config11>"(i16* %layer9_out_V_V, i16* %layer11_out_V_V)" [firmware/myproject.cpp:101]   --->   Operation 58 'call' <Predicate = true> <Delay = 0.00> <CoreType = "Generic">   --->   Core 0 '' <Latency = 0> <II = 1> <Delay = 1.00> <Generic> <Opcode : >

State 18 <SV = 17> <Delay = 0.00>
ST_18 : Operation 59 [1/2] (0.00ns)   --->   "call fastcc void @"relu_me<ap_fixed,ap_fixed<16,4,5,3,0>,relu_config11>"(i16* %layer9_out_V_V, i16* %layer11_out_V_V)" [firmware/myproject.cpp:101]   --->   Operation 59 'call' <Predicate = true> <Delay = 0.00> <CoreType = "Generic">   --->   Core 0 '' <Latency = 0> <II = 1> <Delay = 1.00> <Generic> <Opcode : >

State 19 <SV = 18> <Delay = 0.00>
ST_19 : Operation 60 [2/2] (0.00ns)   --->   "call fastcc void @"conv_2d_cl_me<ap_fixed,ap_fixed<16,4,5,3,0>,config12>"(i16* %layer11_out_V_V, i16* %layer12_out_V_V)" [firmware/myproject.cpp:106]   --->   Operation 60 'call' <Predicate = true> <Delay = 0.00> <CoreType = "Generic">   --->   Core 0 '' <Latency = 0> <II = 1> <Delay = 1.00> <Generic> <Opcode : >

State 20 <SV = 19> <Delay = 0.00>
ST_20 : Operation 61 [1/2] (0.00ns)   --->   "call fastcc void @"conv_2d_cl_me<ap_fixed,ap_fixed<16,4,5,3,0>,config12>"(i16* %layer11_out_V_V, i16* %layer12_out_V_V)" [firmware/myproject.cpp:106]   --->   Operation 61 'call' <Predicate = true> <Delay = 0.00> <CoreType = "Generic">   --->   Core 0 '' <Latency = 0> <II = 1> <Delay = 1.00> <Generic> <Opcode : >

State 21 <SV = 20> <Delay = 0.00>
ST_21 : Operation 62 [2/2] (0.00ns)   --->   "call fastcc void @"relu_me<ap_fixed,ap_fixed<16,4,5,3,0>,relu_config14>"(i16* %layer12_out_V_V, i16* %layer14_out_V_V)" [firmware/myproject.cpp:111]   --->   Operation 62 'call' <Predicate = true> <Delay = 0.00> <CoreType = "Generic">   --->   Core 0 '' <Latency = 0> <II = 1> <Delay = 1.00> <Generic> <Opcode : >

State 22 <SV = 21> <Delay = 0.00>
ST_22 : Operation 63 [1/2] (0.00ns)   --->   "call fastcc void @"relu_me<ap_fixed,ap_fixed<16,4,5,3,0>,relu_config14>"(i16* %layer12_out_V_V, i16* %layer14_out_V_V)" [firmware/myproject.cpp:111]   --->   Operation 63 'call' <Predicate = true> <Delay = 0.00> <CoreType = "Generic">   --->   Core 0 '' <Latency = 0> <II = 1> <Delay = 1.00> <Generic> <Opcode : >

State 23 <SV = 22> <Delay = 0.00>
ST_23 : Operation 64 [2/2] (0.00ns)   --->   "call fastcc void @pooling2d_large_cl_nopad_pad_me(i16* %layer14_out_V_V, i16* %layer15_out_V_V)" [firmware/myproject.cpp:116]   --->   Operation 64 'call' <Predicate = true> <Delay = 0.00> <CoreType = "Generic">   --->   Core 0 '' <Latency = 0> <II = 1> <Delay = 1.00> <Generic> <Opcode : >

State 24 <SV = 23> <Delay = 0.00>
ST_24 : Operation 65 [1/2] (0.00ns)   --->   "call fastcc void @pooling2d_large_cl_nopad_pad_me(i16* %layer14_out_V_V, i16* %layer15_out_V_V)" [firmware/myproject.cpp:116]   --->   Operation 65 'call' <Predicate = true> <Delay = 0.00> <CoreType = "Generic">   --->   Core 0 '' <Latency = 0> <II = 1> <Delay = 1.00> <Generic> <Opcode : >

State 25 <SV = 24> <Delay = 0.00>
ST_25 : Operation 66 [2/2] (0.00ns)   --->   "call fastcc void @"dense_ss<ap_fixed,ap_fixed<16,4,5,3,0>,config17>"(i16* %layer15_out_V_V, i16* %layer17_out_V_V)" [firmware/myproject.cpp:122]   --->   Operation 66 'call' <Predicate = true> <Delay = 0.00> <CoreType = "Generic">   --->   Core 0 '' <Latency = 0> <II = 1> <Delay = 1.00> <Generic> <Opcode : >

State 26 <SV = 25> <Delay = 0.00>
ST_26 : Operation 67 [1/2] (0.00ns)   --->   "call fastcc void @"dense_ss<ap_fixed,ap_fixed<16,4,5,3,0>,config17>"(i16* %layer15_out_V_V, i16* %layer17_out_V_V)" [firmware/myproject.cpp:122]   --->   Operation 67 'call' <Predicate = true> <Delay = 0.00> <CoreType = "Generic">   --->   Core 0 '' <Latency = 0> <II = 1> <Delay = 1.00> <Generic> <Opcode : >

State 27 <SV = 26> <Delay = 0.00>
ST_27 : Operation 68 [2/2] (0.00ns)   --->   "call fastcc void @"sigmoid_me<ap_fixed,ap_fixed,sigmoid_config19>"(i16* %layer17_out_V_V, i16* %layer19_out_V_V)" [firmware/myproject.cpp:125]   --->   Operation 68 'call' <Predicate = true> <Delay = 0.00> <CoreType = "Generic">   --->   Core 0 '' <Latency = 0> <II = 1> <Delay = 1.00> <Generic> <Opcode : >

State 28 <SV = 27> <Delay = 0.00>
ST_28 : Operation 69 [1/1] (0.00ns)   --->   "call void (...)* @_ssdm_op_SpecInterface(i16* %layer19_out_V_V, [8 x i8]* @ap_fifo_str, i32 0, i32 0, [1 x i8]* @p_str, i32 0, i32 0, [1 x i8]* @p_str, [1 x i8]* @p_str, [1 x i8]* @p_str, i32 2, i32 2, i32 16, i32 16, [1 x i8]* @p_str, [1 x i8]* @p_str)"   --->   Operation 69 'specinterface' <Predicate = true> <Delay = 0.00>
ST_28 : Operation 70 [1/1] (0.00ns)   --->   "call void (...)* @_ssdm_op_SpecInterface(i16* %conv2d_input_V_V, [8 x i8]* @ap_fifo_str, i32 0, i32 0, [1 x i8]* @p_str, i32 0, i32 0, [1 x i8]* @p_str, [1 x i8]* @p_str, [1 x i8]* @p_str, i32 2, i32 2, i32 16, i32 16, [1 x i8]* @p_str, [1 x i8]* @p_str)"   --->   Operation 70 'specinterface' <Predicate = true> <Delay = 0.00>
ST_28 : Operation 71 [1/1] (0.00ns)   --->   "call void (...)* @_ssdm_op_SpecDataflowPipeline(i32 -1, i32 0, [1 x i8]* @p_str) nounwind" [firmware/myproject.cpp:31]   --->   Operation 71 'specdataflowpipeline' <Predicate = true> <Delay = 0.00>
ST_28 : Operation 72 [1/1] (0.00ns)   --->   "%empty = call i32 (...)* @_ssdm_op_SpecChannel([16 x i8]* @layer20_out_OC_V_OC_V_str, i32 1, [1 x i8]* @p_str, [1 x i8]* @p_str, i32 1, i32 1, i16* %layer20_out_V_V, i16* %layer20_out_V_V)"   --->   Operation 72 'specchannel' 'empty' <Predicate = true> <Delay = 0.00>
ST_28 : Operation 73 [1/1] (0.00ns)   --->   "call void (...)* @_ssdm_op_SpecInterface(i16* %layer20_out_V_V, [8 x i8]* @ap_fifo_str, i32 0, i32 0, [1 x i8]* @p_str, i32 0, i32 0, [1 x i8]* @p_str, [1 x i8]* @p_str, [1 x i8]* @p_str, i32 2, i32 2, i32 16, i32 16, [1 x i8]* @p_str, [1 x i8]* @p_str)"   --->   Operation 73 'specinterface' <Predicate = true> <Delay = 0.00>
ST_28 : Operation 74 [1/1] (0.00ns)   --->   "%empty_59 = call i32 (...)* @_ssdm_op_SpecChannel([15 x i8]* @layer2_out_OC_V_OC_V_str, i32 1, [1 x i8]* @p_str, [1 x i8]* @p_str, i32 1, i32 1, i16* %layer2_out_V_V, i16* %layer2_out_V_V)"   --->   Operation 74 'specchannel' 'empty_59' <Predicate = true> <Delay = 0.00>
ST_28 : Operation 75 [1/1] (0.00ns)   --->   "call void (...)* @_ssdm_op_SpecInterface(i16* %layer2_out_V_V, [8 x i8]* @ap_fifo_str, i32 0, i32 0, [1 x i8]* @p_str, i32 0, i32 0, [1 x i8]* @p_str, [1 x i8]* @p_str, [1 x i8]* @p_str, i32 2, i32 2, i32 16, i32 16, [1 x i8]* @p_str, [1 x i8]* @p_str)"   --->   Operation 75 'specinterface' <Predicate = true> <Delay = 0.00>
ST_28 : Operation 76 [1/1] (0.00ns)   --->   "%empty_60 = call i32 (...)* @_ssdm_op_SpecChannel([15 x i8]* @layer4_out_OC_V_OC_V_str, i32 1, [1 x i8]* @p_str, [1 x i8]* @p_str, i32 1, i32 1, i16* %layer4_out_V_V, i16* %layer4_out_V_V)"   --->   Operation 76 'specchannel' 'empty_60' <Predicate = true> <Delay = 0.00>
ST_28 : Operation 77 [1/1] (0.00ns)   --->   "call void (...)* @_ssdm_op_SpecInterface(i16* %layer4_out_V_V, [8 x i8]* @ap_fifo_str, i32 0, i32 0, [1 x i8]* @p_str, i32 0, i32 0, [1 x i8]* @p_str, [1 x i8]* @p_str, [1 x i8]* @p_str, i32 2, i32 2, i32 16, i32 16, [1 x i8]* @p_str, [1 x i8]* @p_str)"   --->   Operation 77 'specinterface' <Predicate = true> <Delay = 0.00>
ST_28 : Operation 78 [1/1] (0.00ns)   --->   "%empty_61 = call i32 (...)* @_ssdm_op_SpecChannel([15 x i8]* @layer5_out_OC_V_OC_V_str, i32 1, [1 x i8]* @p_str, [1 x i8]* @p_str, i32 1, i32 1, i16* %layer5_out_V_V, i16* %layer5_out_V_V)"   --->   Operation 78 'specchannel' 'empty_61' <Predicate = true> <Delay = 0.00>
ST_28 : Operation 79 [1/1] (0.00ns)   --->   "call void (...)* @_ssdm_op_SpecInterface(i16* %layer5_out_V_V, [8 x i8]* @ap_fifo_str, i32 0, i32 0, [1 x i8]* @p_str, i32 0, i32 0, [1 x i8]* @p_str, [1 x i8]* @p_str, [1 x i8]* @p_str, i32 2, i32 2, i32 16, i32 16, [1 x i8]* @p_str, [1 x i8]* @p_str)"   --->   Operation 79 'specinterface' <Predicate = true> <Delay = 0.00>
ST_28 : Operation 80 [1/1] (0.00ns)   --->   "%empty_62 = call i32 (...)* @_ssdm_op_SpecChannel([15 x i8]* @layer7_out_OC_V_OC_V_str, i32 1, [1 x i8]* @p_str, [1 x i8]* @p_str, i32 1, i32 1, i16* %layer7_out_V_V, i16* %layer7_out_V_V)"   --->   Operation 80 'specchannel' 'empty_62' <Predicate = true> <Delay = 0.00>
ST_28 : Operation 81 [1/1] (0.00ns)   --->   "call void (...)* @_ssdm_op_SpecInterface(i16* %layer7_out_V_V, [8 x i8]* @ap_fifo_str, i32 0, i32 0, [1 x i8]* @p_str, i32 0, i32 0, [1 x i8]* @p_str, [1 x i8]* @p_str, [1 x i8]* @p_str, i32 2, i32 2, i32 16, i32 16, [1 x i8]* @p_str, [1 x i8]* @p_str)"   --->   Operation 81 'specinterface' <Predicate = true> <Delay = 0.00>
ST_28 : Operation 82 [1/1] (0.00ns)   --->   "%empty_63 = call i32 (...)* @_ssdm_op_SpecChannel([15 x i8]* @layer8_out_OC_V_OC_V_str, i32 1, [1 x i8]* @p_str, [1 x i8]* @p_str, i32 1, i32 1, i16* %layer8_out_V_V, i16* %layer8_out_V_V)"   --->   Operation 82 'specchannel' 'empty_63' <Predicate = true> <Delay = 0.00>
ST_28 : Operation 83 [1/1] (0.00ns)   --->   "call void (...)* @_ssdm_op_SpecInterface(i16* %layer8_out_V_V, [8 x i8]* @ap_fifo_str, i32 0, i32 0, [1 x i8]* @p_str, i32 0, i32 0, [1 x i8]* @p_str, [1 x i8]* @p_str, [1 x i8]* @p_str, i32 2, i32 2, i32 16, i32 16, [1 x i8]* @p_str, [1 x i8]* @p_str)"   --->   Operation 83 'specinterface' <Predicate = true> <Delay = 0.00>
ST_28 : Operation 84 [1/1] (0.00ns)   --->   "%empty_64 = call i32 (...)* @_ssdm_op_SpecChannel([16 x i8]* @layer21_out_OC_V_OC_V_str, i32 1, [1 x i8]* @p_str, [1 x i8]* @p_str, i32 1, i32 1, i16* %layer21_out_V_V, i16* %layer21_out_V_V)"   --->   Operation 84 'specchannel' 'empty_64' <Predicate = true> <Delay = 0.00>
ST_28 : Operation 85 [1/1] (0.00ns)   --->   "call void (...)* @_ssdm_op_SpecInterface(i16* %layer21_out_V_V, [8 x i8]* @ap_fifo_str, i32 0, i32 0, [1 x i8]* @p_str, i32 0, i32 0, [1 x i8]* @p_str, [1 x i8]* @p_str, [1 x i8]* @p_str, i32 2, i32 2, i32 16, i32 16, [1 x i8]* @p_str, [1 x i8]* @p_str)"   --->   Operation 85 'specinterface' <Predicate = true> <Delay = 0.00>
ST_28 : Operation 86 [1/1] (0.00ns)   --->   "%empty_65 = call i32 (...)* @_ssdm_op_SpecChannel([15 x i8]* @layer9_out_OC_V_OC_V_str, i32 1, [1 x i8]* @p_str, [1 x i8]* @p_str, i32 1, i32 1, i16* %layer9_out_V_V, i16* %layer9_out_V_V)"   --->   Operation 86 'specchannel' 'empty_65' <Predicate = true> <Delay = 0.00>
ST_28 : Operation 87 [1/1] (0.00ns)   --->   "call void (...)* @_ssdm_op_SpecInterface(i16* %layer9_out_V_V, [8 x i8]* @ap_fifo_str, i32 0, i32 0, [1 x i8]* @p_str, i32 0, i32 0, [1 x i8]* @p_str, [1 x i8]* @p_str, [1 x i8]* @p_str, i32 2, i32 2, i32 16, i32 16, [1 x i8]* @p_str, [1 x i8]* @p_str)"   --->   Operation 87 'specinterface' <Predicate = true> <Delay = 0.00>
ST_28 : Operation 88 [1/1] (0.00ns)   --->   "%empty_66 = call i32 (...)* @_ssdm_op_SpecChannel([16 x i8]* @layer11_out_OC_V_OC_V_str, i32 1, [1 x i8]* @p_str, [1 x i8]* @p_str, i32 1, i32 1, i16* %layer11_out_V_V, i16* %layer11_out_V_V)"   --->   Operation 88 'specchannel' 'empty_66' <Predicate = true> <Delay = 0.00>
ST_28 : Operation 89 [1/1] (0.00ns)   --->   "call void (...)* @_ssdm_op_SpecInterface(i16* %layer11_out_V_V, [8 x i8]* @ap_fifo_str, i32 0, i32 0, [1 x i8]* @p_str, i32 0, i32 0, [1 x i8]* @p_str, [1 x i8]* @p_str, [1 x i8]* @p_str, i32 2, i32 2, i32 16, i32 16, [1 x i8]* @p_str, [1 x i8]* @p_str)"   --->   Operation 89 'specinterface' <Predicate = true> <Delay = 0.00>
ST_28 : Operation 90 [1/1] (0.00ns)   --->   "%empty_67 = call i32 (...)* @_ssdm_op_SpecChannel([16 x i8]* @layer12_out_OC_V_OC_V_str, i32 1, [1 x i8]* @p_str, [1 x i8]* @p_str, i32 1, i32 1, i16* %layer12_out_V_V, i16* %layer12_out_V_V)"   --->   Operation 90 'specchannel' 'empty_67' <Predicate = true> <Delay = 0.00>
ST_28 : Operation 91 [1/1] (0.00ns)   --->   "call void (...)* @_ssdm_op_SpecInterface(i16* %layer12_out_V_V, [8 x i8]* @ap_fifo_str, i32 0, i32 0, [1 x i8]* @p_str, i32 0, i32 0, [1 x i8]* @p_str, [1 x i8]* @p_str, [1 x i8]* @p_str, i32 2, i32 2, i32 16, i32 16, [1 x i8]* @p_str, [1 x i8]* @p_str)"   --->   Operation 91 'specinterface' <Predicate = true> <Delay = 0.00>
ST_28 : Operation 92 [1/1] (0.00ns)   --->   "%empty_68 = call i32 (...)* @_ssdm_op_SpecChannel([16 x i8]* @layer14_out_OC_V_OC_V_str, i32 1, [1 x i8]* @p_str, [1 x i8]* @p_str, i32 1, i32 1, i16* %layer14_out_V_V, i16* %layer14_out_V_V)"   --->   Operation 92 'specchannel' 'empty_68' <Predicate = true> <Delay = 0.00>
ST_28 : Operation 93 [1/1] (0.00ns)   --->   "call void (...)* @_ssdm_op_SpecInterface(i16* %layer14_out_V_V, [8 x i8]* @ap_fifo_str, i32 0, i32 0, [1 x i8]* @p_str, i32 0, i32 0, [1 x i8]* @p_str, [1 x i8]* @p_str, [1 x i8]* @p_str, i32 2, i32 2, i32 16, i32 16, [1 x i8]* @p_str, [1 x i8]* @p_str)"   --->   Operation 93 'specinterface' <Predicate = true> <Delay = 0.00>
ST_28 : Operation 94 [1/1] (0.00ns)   --->   "%empty_69 = call i32 (...)* @_ssdm_op_SpecChannel([16 x i8]* @layer15_out_OC_V_OC_V_str, i32 1, [1 x i8]* @p_str, [1 x i8]* @p_str, i32 1, i32 1, i16* %layer15_out_V_V, i16* %layer15_out_V_V)"   --->   Operation 94 'specchannel' 'empty_69' <Predicate = true> <Delay = 0.00>
ST_28 : Operation 95 [1/1] (0.00ns)   --->   "call void (...)* @_ssdm_op_SpecInterface(i16* %layer15_out_V_V, [8 x i8]* @ap_fifo_str, i32 0, i32 0, [1 x i8]* @p_str, i32 0, i32 0, [1 x i8]* @p_str, [1 x i8]* @p_str, [1 x i8]* @p_str, i32 2, i32 2, i32 16, i32 16, [1 x i8]* @p_str, [1 x i8]* @p_str)"   --->   Operation 95 'specinterface' <Predicate = true> <Delay = 0.00>
ST_28 : Operation 96 [1/1] (0.00ns)   --->   "%empty_70 = call i32 (...)* @_ssdm_op_SpecChannel([16 x i8]* @layer17_out_OC_V_OC_V_str, i32 1, [1 x i8]* @p_str, [1 x i8]* @p_str, i32 1, i32 1, i16* %layer17_out_V_V, i16* %layer17_out_V_V)"   --->   Operation 96 'specchannel' 'empty_70' <Predicate = true> <Delay = 0.00>
ST_28 : Operation 97 [1/1] (0.00ns)   --->   "call void (...)* @_ssdm_op_SpecInterface(i16* %layer17_out_V_V, [8 x i8]* @ap_fifo_str, i32 0, i32 0, [1 x i8]* @p_str, i32 0, i32 0, [1 x i8]* @p_str, [1 x i8]* @p_str, [1 x i8]* @p_str, i32 2, i32 2, i32 16, i32 16, [1 x i8]* @p_str, [1 x i8]* @p_str)"   --->   Operation 97 'specinterface' <Predicate = true> <Delay = 0.00>
ST_28 : Operation 98 [1/2] (0.00ns)   --->   "call fastcc void @"sigmoid_me<ap_fixed,ap_fixed,sigmoid_config19>"(i16* %layer17_out_V_V, i16* %layer19_out_V_V)" [firmware/myproject.cpp:125]   --->   Operation 98 'call' <Predicate = true> <Delay = 0.00> <CoreType = "Generic">   --->   Core 0 '' <Latency = 0> <II = 1> <Delay = 1.00> <Generic> <Opcode : >
ST_28 : Operation 99 [1/1] (0.00ns)   --->   "ret void" [firmware/myproject.cpp:127]   --->   Operation 99 'ret' <Predicate = true> <Delay = 0.00>


============================================================
+ Verbose Summary: Timing violations
============================================================
Target clock period: 5ns, clock uncertainty: 0.625ns.

 <State 1>: 0ns
The critical path consists of the following:

 <State 2>: 0ns
The critical path consists of the following:

 <State 3>: 0ns
The critical path consists of the following:

 <State 4>: 0ns
The critical path consists of the following:

 <State 5>: 0ns
The critical path consists of the following:

 <State 6>: 0ns
The critical path consists of the following:

 <State 7>: 0ns
The critical path consists of the following:

 <State 8>: 0ns
The critical path consists of the following:

 <State 9>: 0ns
The critical path consists of the following:

 <State 10>: 0ns
The critical path consists of the following:

 <State 11>: 0ns
The critical path consists of the following:

 <State 12>: 0ns
The critical path consists of the following:

 <State 13>: 0ns
The critical path consists of the following:

 <State 14>: 0ns
The critical path consists of the following:

 <State 15>: 0ns
The critical path consists of the following:

 <State 16>: 0ns
The critical path consists of the following:

 <State 17>: 0ns
The critical path consists of the following:

 <State 18>: 0ns
The critical path consists of the following:

 <State 19>: 0ns
The critical path consists of the following:

 <State 20>: 0ns
The critical path consists of the following:

 <State 21>: 0ns
The critical path consists of the following:

 <State 22>: 0ns
The critical path consists of the following:

 <State 23>: 0ns
The critical path consists of the following:

 <State 24>: 0ns
The critical path consists of the following:

 <State 25>: 0ns
The critical path consists of the following:

 <State 26>: 0ns
The critical path consists of the following:

 <State 27>: 0ns
The critical path consists of the following:

 <State 28>: 0ns
The critical path consists of the following:


============================================================
+ Verbose Summary: Binding
============================================================
N/A
* FSMD analyzer results:
  - Output states:
 - Input state : 
  - Chain level:
	State 1
	State 2
	State 3
	State 4
	State 5
	State 6
	State 7
	State 8
	State 9
	State 10
	State 11
	State 12
	State 13
	State 14
	State 15
	State 16
	State 17
	State 18
	State 19
	State 20
	State 21
	State 22
	State 23
	State 24
	State 25
	State 26
	State 27
	State 28


============================================================
+ Verbose Summary: Datapath Resource usage 
============================================================
N/A
