

================================================================
== Vivado HLS Report for 'relu_me_ap_fixed_ap_fixed_16_4_5_3_0_relu_config7_s'
================================================================
* Date:           Wed Aug 10 16:29:58 2022

* Version:        2019.2 (Build 2704478 on Wed Nov 06 22:10:23 MST 2019)
* Project:        myproject_prj
* Solution:       solution1
* Product family: zynq
* Target device:  xc7z020-clg400-1


================================================================
== Performance Estimates
================================================================
+ Timing: 
    * Summary: 
    +--------+---------+----------+------------+
    |  Clock |  Target | Estimated| Uncertainty|
    +--------+---------+----------+------------+
    |ap_clk  | 5.00 ns | 3.183 ns |   0.62 ns  |
    +--------+---------+----------+------------+

+ Latency: 
    * Summary: 
    +---------+---------+----------+----------+-------+-------+---------+
    |  Latency (cycles) |  Latency (absolute) |    Interval   | Pipeline|
    |   min   |   max   |    min   |    max   |  min  |  max  |   Type  |
    +---------+---------+----------+----------+-------+-------+---------+
    |    86401|    86401| 0.432 ms | 0.432 ms |  86401|  86401|   none  |
    +---------+---------+----------+----------+-------+-------+---------+

    + Detail: 
        * Instance: 
        N/A

        * Loop: 
        +----------+---------+---------+----------+-----------+-----------+-------+----------+
        |          |  Latency (cycles) | Iteration|  Initiation Interval  |  Trip |          |
        | Loop Name|   min   |   max   |  Latency |  achieved |   target  | Count | Pipelined|
        +----------+---------+---------+----------+-----------+-----------+-------+----------+
        |- Loop 1  |    86400|    86400|         3|          -|          -|  28800|    no    |
        +----------+---------+---------+----------+-----------+-----------+-------+----------+

============================================================
+ Verbose Summary: Synthesis Manager
============================================================
InlineROM: 1
ExposeGlobal: 0
============================================================
+ Verbose Summary: CDFG Model
============================================================
IsTopModel: 0
ResetActiveHigh: 1
IsCombinational: 2
IsDatapathOnly: 0
HasWiredReturn: 1
HasMFsm: 0
HasVarLatency: 1
IsPipeline: 0
IsRtlPipelined: 0
IsInstanceOverlapped: 0
IsDontTouch: 0
HasImplIP: 0
IsGatedGlobalClock: 0


============================================================
+ Verbose Summary: Schedule
============================================================
* Number of FSM states : 4
* Pipeline : 0
* Dataflow Pipeline: 0

* FSM state transitions: 
1 --> 2 
2 --> 3 
3 --> 4 
4 --> 2 

* FSM state operations: 

State 1 <SV = 0> <Delay = 1.76>
ST_1 : Operation 5 [1/1] (0.00ns)   --->   "call void (...)* @_ssdm_op_SpecInterface(i16* %res_V_V, [8 x i8]* @ap_fifo_str, i32 0, i32 0, [1 x i8]* @p_str, i32 0, i32 0, [1 x i8]* @p_str, [1 x i8]* @p_str, [1 x i8]* @p_str, i32 2, i32 2, i32 16, i32 16, [1 x i8]* @p_str, [1 x i8]* @p_str)"   --->   Operation 5 'specinterface' <Predicate = true> <Delay = 0.00>
ST_1 : Operation 6 [1/1] (0.00ns)   --->   "call void (...)* @_ssdm_op_SpecInterface(i16* %data_V_V, [8 x i8]* @ap_fifo_str, i32 0, i32 0, [1 x i8]* @p_str, i32 0, i32 0, [1 x i8]* @p_str, [1 x i8]* @p_str, [1 x i8]* @p_str, i32 2, i32 2, i32 16, i32 16, [1 x i8]* @p_str, [1 x i8]* @p_str)"   --->   Operation 6 'specinterface' <Predicate = true> <Delay = 0.00>
ST_1 : Operation 7 [1/1] (1.76ns)   --->   "br label %1" [firmware/nnet_utils/nnet_activation_stream.h:60]   --->   Operation 7 'br' <Predicate = true> <Delay = 1.76>

State 2 <SV = 1> <Delay = 2.31>
ST_2 : Operation 8 [1/1] (0.00ns)   --->   "%i_0 = phi i15 [ 0, %0 ], [ %i, %_ZgtILi16ELi4ELb1EL9ap_q_mode5EL9ap_o_mode3ELi0EEbRK13ap_fixed_baseIXT_EXT0_EXT1_EXT2_EXT3_EXT4_EEi.exit ]"   --->   Operation 8 'phi' 'i_0' <Predicate = true> <Delay = 0.00>
ST_2 : Operation 9 [1/1] (2.31ns)   --->   "%icmp_ln60 = icmp eq i15 %i_0, -3968" [firmware/nnet_utils/nnet_activation_stream.h:60]   --->   Operation 9 'icmp' 'icmp_ln60' <Predicate = true> <Delay = 2.31> <Core = "Cmp">   --->   Core 25 'Cmp' <Latency = 0> <II = 1> <Delay = 2.42> <FuncUnit> <Opcode : 'icmp'> <InPorts = 2> <OutPorts = 1>
ST_2 : Operation 10 [1/1] (0.00ns)   --->   "%empty = call i32 (...)* @_ssdm_op_SpecLoopTripCount(i64 28800, i64 28800, i64 28800)"   --->   Operation 10 'speclooptripcount' 'empty' <Predicate = true> <Delay = 0.00>
ST_2 : Operation 11 [1/1] (1.94ns)   --->   "%i = add i15 %i_0, 1" [firmware/nnet_utils/nnet_activation_stream.h:60]   --->   Operation 11 'add' 'i' <Predicate = true> <Delay = 1.94> <Core = "AddSub">   --->   Core 14 'AddSub' <Latency = 0> <II = 1> <Delay = 1.94> <FuncUnit> <Opcode : 'add' 'sub'> <InPorts = 2> <OutPorts = 1>
ST_2 : Operation 12 [1/1] (0.00ns)   --->   "br i1 %icmp_ln60, label %2, label %_ZgtILi16ELi4ELb1EL9ap_q_mode5EL9ap_o_mode3ELi0EEbRK13ap_fixed_baseIXT_EXT0_EXT1_EXT2_EXT3_EXT4_EEi.exit" [firmware/nnet_utils/nnet_activation_stream.h:60]   --->   Operation 12 'br' <Predicate = true> <Delay = 0.00>
ST_2 : Operation 13 [1/1] (2.18ns)   --->   "%tmp_V = call i16 @_ssdm_op_Read.ap_fifo.volatile.i16P(i16* %data_V_V)" [firmware/nnet_utils/nnet_activation_stream.h:63]   --->   Operation 13 'read' 'tmp_V' <Predicate = (!icmp_ln60)> <Delay = 2.18> <Core = "FIFO">   --->   Core 32 'FIFO' <Latency = 0> <II = 1> <Delay = 3.61> <Storage> <Opcode : 'read' 'write' 'nbread' 'nbwrite'> <Ports = 0> <Width = 16> <Depth = 5> <FIFO>
ST_2 : Operation 14 [1/1] (0.00ns)   --->   "%trunc_ln1494 = trunc i16 %tmp_V to i15" [firmware/nnet_utils/nnet_activation_stream.h:67]   --->   Operation 14 'trunc' 'trunc_ln1494' <Predicate = (!icmp_ln60)> <Delay = 0.00>
ST_2 : Operation 15 [1/1] (0.00ns)   --->   "ret void" [firmware/nnet_utils/nnet_activation_stream.h:72]   --->   Operation 15 'ret' <Predicate = (icmp_ln60)> <Delay = 0.00>

State 3 <SV = 2> <Delay = 3.18>
ST_3 : Operation 16 [1/1] (2.42ns)   --->   "%icmp_ln1494 = icmp sgt i16 %tmp_V, 0" [firmware/nnet_utils/nnet_activation_stream.h:67]   --->   Operation 16 'icmp' 'icmp_ln1494' <Predicate = true> <Delay = 2.42> <Core = "Cmp">   --->   Core 25 'Cmp' <Latency = 0> <II = 1> <Delay = 2.42> <FuncUnit> <Opcode : 'icmp'> <InPorts = 2> <OutPorts = 1>
ST_3 : Operation 17 [1/1] (0.75ns)   --->   "%out_data_V = select i1 %icmp_ln1494, i15 %trunc_ln1494, i15 0" [firmware/nnet_utils/nnet_activation_stream.h:67]   --->   Operation 17 'select' 'out_data_V' <Predicate = true> <Delay = 0.75> <Core = "Sel">   --->   Core 26 'Sel' <Latency = 0> <II = 1> <Delay = 0.75> <FuncUnit> <Opcode : 'select'> <InPorts = 3> <OutPorts = 1>

State 4 <SV = 3> <Delay = 2.18>
ST_4 : Operation 18 [1/1] (0.00ns)   --->   "%tmp_V_4 = zext i15 %out_data_V to i16" [firmware/nnet_utils/nnet_activation_stream.h:67]   --->   Operation 18 'zext' 'tmp_V_4' <Predicate = true> <Delay = 0.00>
ST_4 : Operation 19 [1/1] (2.18ns)   --->   "call void @_ssdm_op_Write.ap_fifo.volatile.i16P(i16* %res_V_V, i16 %tmp_V_4)" [firmware/nnet_utils/nnet_activation_stream.h:70]   --->   Operation 19 'write' <Predicate = true> <Delay = 2.18> <Core = "FIFO">   --->   Core 32 'FIFO' <Latency = 0> <II = 1> <Delay = 3.61> <Storage> <Opcode : 'read' 'write' 'nbread' 'nbwrite'> <Ports = 0> <Width = 16> <Depth = 5> <FIFO>
ST_4 : Operation 20 [1/1] (0.00ns)   --->   "br label %1" [firmware/nnet_utils/nnet_activation_stream.h:60]   --->   Operation 20 'br' <Predicate = true> <Delay = 0.00>


============================================================
+ Verbose Summary: Binding
============================================================
STG Binding: 
---------------- STG Properties BEGIN ----------------
- Is combinational: 0
- Is one-state seq: 0
- Is datapath-only: 0
- Is pipelined: 0
- Is top level: 0
Port [ Return ] is wired: 1; IO mode=ap_ctrl_hs:ce=0
Port [ data_V_V]:  wired=1; compound=1; hidden=0; nouse=0; global=0; static=0; extern=0; dir=0; type=3; pingpong=0; private_global=0; IO mode=ap_fifo:ce=0
Port [ res_V_V]:  wired=1; compound=1; hidden=0; nouse=0; global=0; static=0; extern=0; dir=1; type=3; pingpong=0; private_global=0; IO mode=ap_fifo:ce=0
---------------- STG Properties END ------------------

---------------- Datapath Model BEGIN ----------------

<LifeTime>
<method=bitvector/>
specinterface_ln0 (specinterface    ) [ 00000]
specinterface_ln0 (specinterface    ) [ 00000]
br_ln60           (br               ) [ 01111]
i_0               (phi              ) [ 00100]
icmp_ln60         (icmp             ) [ 00111]
empty             (speclooptripcount) [ 00000]
i                 (add              ) [ 01111]
br_ln60           (br               ) [ 00000]
tmp_V             (read             ) [ 00010]
trunc_ln1494      (trunc            ) [ 00010]
ret_ln72          (ret              ) [ 00000]
icmp_ln1494       (icmp             ) [ 00000]
out_data_V        (select           ) [ 00001]
tmp_V_4           (zext             ) [ 00000]
write_ln70        (write            ) [ 00000]
br_ln60           (br               ) [ 01111]
</LifeTime>

<model>

<comp_list>
<comp id="0" class="1000" name="data_V_V">
<pin_list>
<pin id="1" dir="1" index="0" bw="1" slack="0"/>
</pin_list>
<bind>
<StgValue><ssdm name="data_V_V"/></StgValue>
</bind>
</comp>

<comp id="2" class="1000" name="res_V_V">
<pin_list>
<pin id="3" dir="1" index="0" bw="1" slack="0"/>
</pin_list>
<bind>
<StgValue><ssdm name="res_V_V"/></StgValue>
</bind>
</comp>

<comp id="4" class="1001" name="const_4">
<pin_list>
<pin id="5" dir="1" index="0" bw="1" slack="2147483647"/>
</pin_list>
<bind>
<StgValue><ssdm name="_ssdm_op_SpecInterface"/></StgValue>
</bind>
</comp>

<comp id="6" class="1001" name="const_6">
<pin_list>
<pin id="7" dir="1" index="0" bw="1" slack="2147483647"/>
</pin_list>
<bind>
<StgValue><ssdm name="ap_fifo_str"/></StgValue>
</bind>
</comp>

<comp id="8" class="1001" name="const_8">
<pin_list>
<pin id="9" dir="1" index="0" bw="1" slack="2147483647"/>
</pin_list>
<bind>
<StgValue><ssdm name=""/></StgValue>
</bind>
</comp>

<comp id="10" class="1001" name="const_10">
<pin_list>
<pin id="11" dir="1" index="0" bw="1" slack="2147483647"/>
</pin_list>
<bind>
<StgValue><ssdm name="p_str"/></StgValue>
</bind>
</comp>

<comp id="12" class="1001" name="const_12">
<pin_list>
<pin id="13" dir="1" index="0" bw="1" slack="2147483647"/>
</pin_list>
<bind>
<StgValue><ssdm name=""/></StgValue>
</bind>
</comp>

<comp id="14" class="1001" name="const_14">
<pin_list>
<pin id="15" dir="1" index="0" bw="1" slack="2147483647"/>
</pin_list>
<bind>
<StgValue><ssdm name=""/></StgValue>
</bind>
</comp>

<comp id="16" class="1001" name="const_16">
<pin_list>
<pin id="17" dir="1" index="0" bw="1" slack="0"/>
</pin_list>
<bind>
<StgValue><ssdm name=""/></StgValue>
</bind>
</comp>

<comp id="18" class="1001" name="const_18">
<pin_list>
<pin id="19" dir="1" index="0" bw="1" slack="0"/>
</pin_list>
<bind>
<StgValue><ssdm name=""/></StgValue>
</bind>
</comp>

<comp id="20" class="1001" name="const_20">
<pin_list>
<pin id="21" dir="1" index="0" bw="1" slack="2147483647"/>
</pin_list>
<bind>
<StgValue><ssdm name="_ssdm_op_SpecLoopTripCount"/></StgValue>
</bind>
</comp>

<comp id="22" class="1001" name="const_22">
<pin_list>
<pin id="23" dir="1" index="0" bw="1" slack="2147483647"/>
</pin_list>
<bind>
<StgValue><ssdm name=""/></StgValue>
</bind>
</comp>

<comp id="24" class="1001" name="const_24">
<pin_list>
<pin id="25" dir="1" index="0" bw="1" slack="0"/>
</pin_list>
<bind>
<StgValue><ssdm name=""/></StgValue>
</bind>
</comp>

<comp id="26" class="1001" name="const_26">
<pin_list>
<pin id="27" dir="1" index="0" bw="1" slack="0"/>
</pin_list>
<bind>
<StgValue><ssdm name="_ssdm_op_Read.ap_fifo.volatile.i16P"/></StgValue>
</bind>
</comp>

<comp id="28" class="1001" name="const_28">
<pin_list>
<pin id="29" dir="1" index="0" bw="1" slack="0"/>
</pin_list>
<bind>
<StgValue><ssdm name=""/></StgValue>
</bind>
</comp>

<comp id="30" class="1001" name="const_30">
<pin_list>
<pin id="31" dir="1" index="0" bw="1" slack="0"/>
</pin_list>
<bind>
<StgValue><ssdm name="_ssdm_op_Write.ap_fifo.volatile.i16P"/></StgValue>
</bind>
</comp>

<comp id="32" class="1004" name="tmp_V_read_fu_32">
<pin_list>
<pin id="33" dir="0" index="0" bw="16" slack="0"/>
<pin id="34" dir="0" index="1" bw="16" slack="0"/>
<pin id="35" dir="1" index="2" bw="16" slack="0"/>
</pin_list>
<bind>
<opcode="read(1150) " fcode="read"/>
<opset="tmp_V/2 "/>
</bind>
</comp>

<comp id="38" class="1004" name="write_ln70_write_fu_38">
<pin_list>
<pin id="39" dir="0" index="0" bw="0" slack="0"/>
<pin id="40" dir="0" index="1" bw="16" slack="0"/>
<pin id="41" dir="0" index="2" bw="15" slack="0"/>
<pin id="42" dir="1" index="3" bw="0" slack="2147483647"/>
</pin_list>
<bind>
<opcode="write(1151) " fcode="write"/>
<opset="write_ln70/4 "/>
</bind>
</comp>

<comp id="45" class="1005" name="i_0_reg_45">
<pin_list>
<pin id="46" dir="0" index="0" bw="15" slack="1"/>
<pin id="47" dir="1" index="1" bw="15" slack="1"/>
</pin_list>
<bind>
<opset="i_0 (phireg) "/>
</bind>
</comp>

<comp id="49" class="1004" name="i_0_phi_fu_49">
<pin_list>
<pin id="50" dir="0" index="0" bw="1" slack="1"/>
<pin id="51" dir="0" index="1" bw="0" slack="2147483647"/>
<pin id="52" dir="0" index="2" bw="15" slack="0"/>
<pin id="53" dir="0" index="3" bw="0" slack="2147483647"/>
<pin id="54" dir="1" index="4" bw="15" slack="0"/>
</pin_list>
<bind>
<opcode="phi(47) " fcode="phi"/>
<opset="i_0/2 "/>
</bind>
</comp>

<comp id="56" class="1004" name="icmp_ln60_fu_56">
<pin_list>
<pin id="57" dir="0" index="0" bw="15" slack="0"/>
<pin id="58" dir="0" index="1" bw="13" slack="0"/>
<pin id="59" dir="1" index="2" bw="1" slack="2147483647"/>
</pin_list>
<bind>
<opcode="icmp(45) " fcode="icmp"/>
<opset="icmp_ln60/2 "/>
</bind>
</comp>

<comp id="62" class="1004" name="i_fu_62">
<pin_list>
<pin id="63" dir="0" index="0" bw="15" slack="0"/>
<pin id="64" dir="0" index="1" bw="1" slack="0"/>
<pin id="65" dir="1" index="2" bw="15" slack="0"/>
</pin_list>
<bind>
<opcode="add(8) " fcode="add"/>
<opset="i/2 "/>
</bind>
</comp>

<comp id="68" class="1004" name="trunc_ln1494_fu_68">
<pin_list>
<pin id="69" dir="0" index="0" bw="16" slack="0"/>
<pin id="70" dir="1" index="1" bw="15" slack="1"/>
</pin_list>
<bind>
<opcode="trunc(33) " fcode="trunc"/>
<opset="trunc_ln1494/2 "/>
</bind>
</comp>

<comp id="72" class="1004" name="icmp_ln1494_fu_72">
<pin_list>
<pin id="73" dir="0" index="0" bw="16" slack="1"/>
<pin id="74" dir="0" index="1" bw="1" slack="0"/>
<pin id="75" dir="1" index="2" bw="1" slack="0"/>
</pin_list>
<bind>
<opcode="icmp(45) " fcode="icmp"/>
<opset="icmp_ln1494/3 "/>
</bind>
</comp>

<comp id="77" class="1004" name="out_data_V_fu_77">
<pin_list>
<pin id="78" dir="0" index="0" bw="1" slack="0"/>
<pin id="79" dir="0" index="1" bw="15" slack="1"/>
<pin id="80" dir="0" index="2" bw="1" slack="0"/>
<pin id="81" dir="1" index="3" bw="15" slack="1"/>
</pin_list>
<bind>
<opcode="select(49) " fcode="select"/>
<opset="out_data_V/3 "/>
</bind>
</comp>

<comp id="84" class="1004" name="tmp_V_4_fu_84">
<pin_list>
<pin id="85" dir="0" index="0" bw="15" slack="1"/>
<pin id="86" dir="1" index="1" bw="16" slack="0"/>
</pin_list>
<bind>
<opcode="zext(34) " fcode="zext"/>
<opset="tmp_V_4/4 "/>
</bind>
</comp>

<comp id="91" class="1005" name="i_reg_91">
<pin_list>
<pin id="92" dir="0" index="0" bw="15" slack="0"/>
<pin id="93" dir="1" index="1" bw="15" slack="0"/>
</pin_list>
<bind>
<opset="i "/>
</bind>
</comp>

<comp id="96" class="1005" name="tmp_V_reg_96">
<pin_list>
<pin id="97" dir="0" index="0" bw="16" slack="1"/>
<pin id="98" dir="1" index="1" bw="16" slack="1"/>
</pin_list>
<bind>
<opset="tmp_V "/>
</bind>
</comp>

<comp id="101" class="1005" name="trunc_ln1494_reg_101">
<pin_list>
<pin id="102" dir="0" index="0" bw="15" slack="1"/>
<pin id="103" dir="1" index="1" bw="15" slack="1"/>
</pin_list>
<bind>
<opset="trunc_ln1494 "/>
</bind>
</comp>

<comp id="106" class="1005" name="out_data_V_reg_106">
<pin_list>
<pin id="107" dir="0" index="0" bw="15" slack="1"/>
<pin id="108" dir="1" index="1" bw="15" slack="1"/>
</pin_list>
<bind>
<opset="out_data_V "/>
</bind>
</comp>

</comp_list>

<net_list>
<net id="36"><net_src comp="26" pin="0"/><net_sink comp="32" pin=0"/></net>

<net id="37"><net_src comp="0" pin="0"/><net_sink comp="32" pin=1"/></net>

<net id="43"><net_src comp="30" pin="0"/><net_sink comp="38" pin=0"/></net>

<net id="44"><net_src comp="2" pin="0"/><net_sink comp="38" pin=1"/></net>

<net id="48"><net_src comp="16" pin="0"/><net_sink comp="45" pin=0"/></net>

<net id="55"><net_src comp="45" pin="1"/><net_sink comp="49" pin=0"/></net>

<net id="60"><net_src comp="49" pin="4"/><net_sink comp="56" pin=0"/></net>

<net id="61"><net_src comp="18" pin="0"/><net_sink comp="56" pin=1"/></net>

<net id="66"><net_src comp="49" pin="4"/><net_sink comp="62" pin=0"/></net>

<net id="67"><net_src comp="24" pin="0"/><net_sink comp="62" pin=1"/></net>

<net id="71"><net_src comp="32" pin="2"/><net_sink comp="68" pin=0"/></net>

<net id="76"><net_src comp="28" pin="0"/><net_sink comp="72" pin=1"/></net>

<net id="82"><net_src comp="72" pin="2"/><net_sink comp="77" pin=0"/></net>

<net id="83"><net_src comp="16" pin="0"/><net_sink comp="77" pin=2"/></net>

<net id="87"><net_src comp="84" pin="1"/><net_sink comp="38" pin=2"/></net>

<net id="94"><net_src comp="62" pin="2"/><net_sink comp="91" pin=0"/></net>

<net id="95"><net_src comp="91" pin="1"/><net_sink comp="49" pin=2"/></net>

<net id="99"><net_src comp="32" pin="2"/><net_sink comp="96" pin=0"/></net>

<net id="100"><net_src comp="96" pin="1"/><net_sink comp="72" pin=0"/></net>

<net id="104"><net_src comp="68" pin="1"/><net_sink comp="101" pin=0"/></net>

<net id="105"><net_src comp="101" pin="1"/><net_sink comp="77" pin=1"/></net>

<net id="109"><net_src comp="77" pin="3"/><net_sink comp="106" pin=0"/></net>

<net id="110"><net_src comp="106" pin="1"/><net_sink comp="84" pin=0"/></net>

</net_list>

</model> 
---------------- Datapath Model END ------------------

* FSMD analyzer results:
  - Output states:
	Port: res_V_V | {4 }
 - Input state : 
	Port: relu_me<ap_fixed,ap_fixed<16,4,5,3,0>,relu_config7> : data_V_V | {2 }
  - Chain level:
	State 1
	State 2
		icmp_ln60 : 1
		i : 1
		br_ln60 : 2
	State 3
		out_data_V : 1
	State 4
		write_ln70 : 1


============================================================
+ Verbose Summary: Datapath Resource usage 
============================================================

* Functional unit list:
|----------|------------------------|---------|---------|
| Operation|     Functional Unit    |    FF   |   LUT   |
|----------|------------------------|---------|---------|
|   icmp   |     icmp_ln60_fu_56    |    0    |    13   |
|          |    icmp_ln1494_fu_72   |    0    |    13   |
|----------|------------------------|---------|---------|
|    add   |         i_fu_62        |    0    |    21   |
|----------|------------------------|---------|---------|
|  select  |    out_data_V_fu_77    |    0    |    15   |
|----------|------------------------|---------|---------|
|   read   |    tmp_V_read_fu_32    |    0    |    0    |
|----------|------------------------|---------|---------|
|   write  | write_ln70_write_fu_38 |    0    |    0    |
|----------|------------------------|---------|---------|
|   trunc  |   trunc_ln1494_fu_68   |    0    |    0    |
|----------|------------------------|---------|---------|
|   zext   |      tmp_V_4_fu_84     |    0    |    0    |
|----------|------------------------|---------|---------|
|   Total  |                        |    0    |    62   |
|----------|------------------------|---------|---------|

Memories:
N/A

* Register list:
+--------------------+--------+
|                    |   FF   |
+--------------------+--------+
|     i_0_reg_45     |   15   |
|      i_reg_91      |   15   |
| out_data_V_reg_106 |   15   |
|    tmp_V_reg_96    |   16   |
|trunc_ln1494_reg_101|   15   |
+--------------------+--------+
|        Total       |   76   |
+--------------------+--------+

* Multiplexer (MUX) list: 
|--------|------|------|------|--------|
|  Comp  |  Pin | Size |  BW  | S x BW |
|--------|------|------|------|--------|
|  Total |      |      |      |    0   |
|--------|------|------|------|--------|



* Summary:
+-----------+--------+--------+
|           |   FF   |   LUT  |
+-----------+--------+--------+
|  Function |    0   |   62   |
|   Memory  |    -   |    -   |
|Multiplexer|    -   |    -   |
|  Register |   76   |    -   |
+-----------+--------+--------+
|   Total   |   76   |   62   |
+-----------+--------+--------+
